--------------Paire 0------------
--------------Paire 0------------
--------------Paire 0------------
[[10, [[10, 2], 2], 3, 2], [5, 7, [2, [9, 4], 0, [4, 7], 0]], [[6, 6, 10, 6], [[7, 5], [1, 2, 9, 9, 8], 4, [9, 7]], 6], [8, [], 8, 8, [[4, 6, 7, 7]]], [5, [7], [3, 8], [0]]]
[[[6, 1, []]], [8, [[6, 10, 0, 4], 2, 10, [0, 3, 10, 4], 9], 7, 7]]
Comparing [[10, [[10, 2], 2], 3, 2], [5, 7, [2, [9, 4], 0, [4, 7], 0]], [[6, 6, 10, 6], [[7, 5], [1, 2, 9, 9, 8], 4, [9, 7]], 6], [8, [], 8, 8, [[4, 6, 7, 7]]], [5, [7], [3, 8], [0]]] and [[[6, 1, []]], [8, [[6, 10, 0, 4], 2, 10, [0, 3, 10, 4], 9], 7, 7]] :
  Comparing [10, [[10, 2], 2], 3, 2] and [[6, 1, []]] :
    Comparing 10 and [6, 1, []] :
      Comparing [10] and [6, 1, []] :
        Comparing 10 and 6 :
        10 is greater than 6
Wrong order
--------------Paire 1------------
--------------Paire 1------------
--------------Paire 1------------
[[[[8, 3], [], [10, 6, 1], [4, 3, 8, 10, 4], 3], [[9, 8, 10, 2], [1, 8, 4], 0]], [[[10], 10, 1], [], 8, 5, 3]]
[[[[0, 7, 9, 4, 3], [0, 8, 1, 1]], 2]]
Comparing [[[[8, 3], [], [10, 6, 1], [4, 3, 8, 10, 4], 3], [[9, 8, 10, 2], [1, 8, 4], 0]], [[[10], 10, 1], [], 8, 5, 3]] and [[[[0, 7, 9, 4, 3], [0, 8, 1, 1]], 2]] :
  Comparing [[[8, 3], [], [10, 6, 1], [4, 3, 8, 10, 4], 3], [[9, 8, 10, 2], [1, 8, 4], 0]] and [[[0, 7, 9, 4, 3], [0, 8, 1, 1]], 2] :
    Comparing [[8, 3], [], [10, 6, 1], [4, 3, 8, 10, 4], 3] and [[0, 7, 9, 4, 3], [0, 8, 1, 1]] :
      Comparing [8, 3] and [0, 7, 9, 4, 3] :
        Comparing 8 and 0 :
        8 is greater than 0
Wrong order
--------------Paire 2------------
--------------Paire 2------------
--------------Paire 2------------
[[[0, [5, 0, 6, 8], 1, [], 1], [8], 5, 4], [[2, 9]], [[9, [10]]], []]
[[10, [[3], [10, 3, 7, 10, 7], 1, 9], [3]]]
Comparing [[[0, [5, 0, 6, 8], 1, [], 1], [8], 5, 4], [[2, 9]], [[9, [10]]], []] and [[10, [[3], [10, 3, 7, 10, 7], 1, 9], [3]]] :
  Comparing [[0, [5, 0, 6, 8], 1, [], 1], [8], 5, 4] and [10, [[3], [10, 3, 7, 10, 7], 1, 9], [3]] :
    Comparing [0, [5, 0, 6, 8], 1, [], 1] and 10 :
      Comparing [0, [5, 0, 6, 8], 1, [], 1] and [10] :
        Comparing 0 and 10 :
        0 is smaller than 10
Right order
--------------Paire 3------------
--------------Paire 3------------
--------------Paire 3------------
[[], [[3, 9, 0], 0, 3], [[[], 5], 5, [[3, 3], [], [2, 4, 6], 5, [7, 2, 9]]]]
[[[1, 10, [7, 9, 7, 10, 2], [10, 0, 4, 2, 5], 1], 10, 2, 5], [[10], [9], [[], 8, 1, 3], []], [5]]
Comparing [[], [[3, 9, 0], 0, 3], [[[], 5], 5, [[3, 3], [], [2, 4, 6], 5, [7, 2, 9]]]] and [[[1, 10, [7, 9, 7, 10, 2], [10, 0, 4, 2, 5], 1], 10, 2, 5], [[10], [9], [[], 8, 1, 3], []], [5]] :
  Comparing [] and [[1, 10, [7, 9, 7, 10, 2], [10, 0, 4, 2, 5], 1], 10, 2, 5] :
  Left side ran out of items
Right order
--------------Paire 4------------
--------------Paire 4------------
--------------Paire 4------------
[[], [1, 3, 4, 9], [[2], 5, [[4], 6], [5], [[]]], [[5, [2, 5, 3, 5], [10, 10, 4, 2], [], [7, 3]], 10, [5, [2], 10, 6, [1, 1]]], [[[2, 10, 6], [9]], 2, 1, 7]]
[[4, 7, 8, 10, [8, 1, [8], [9], 3]], [[4, [5, 6, 3, 10, 2], 6, 4, [0, 2, 1, 4, 4]], [10, [8, 2, 4, 0, 6], []], [[2], [4, 2], 10], [[], 9, [5, 10, 6], [1, 1]]], [[5, 1, 2]], [[], 6]]
Comparing [[], [1, 3, 4, 9], [[2], 5, [[4], 6], [5], [[]]], [[5, [2, 5, 3, 5], [10, 10, 4, 2], [], [7, 3]], 10, [5, [2], 10, 6, [1, 1]]], [[[2, 10, 6], [9]], 2, 1, 7]] and [[4, 7, 8, 10, [8, 1, [8], [9], 3]], [[4, [5, 6, 3, 10, 2], 6, 4, [0, 2, 1, 4, 4]], [10, [8, 2, 4, 0, 6], []], [[2], [4, 2], 10], [[], 9, [5, 10, 6], [1, 1]]], [[5, 1, 2]], [[], 6]] :
  Comparing [] and [4, 7, 8, 10, [8, 1, [8], [9], 3]] :
  Left side ran out of items
Right order
--------------Paire 5------------
--------------Paire 5------------
--------------Paire 5------------
[[[], 8], [9]]
[[8, [7], [], 7, 9], [1, [[1, 8, 6, 1, 9]], 2, 8, []], [], [3, 4, [0, [4]], 5], []]
Comparing [[[], 8], [9]] and [[8, [7], [], 7, 9], [1, [[1, 8, 6, 1, 9]], 2, 8, []], [], [3, 4, [0, [4]], 5], []] :
  Comparing [[], 8] and [8, [7], [], 7, 9] :
    Comparing [] and 8 :
      Comparing [] and [8] :
      Left side ran out of items
Right order
--------------Paire 6------------
--------------Paire 6------------
--------------Paire 6------------
[[7, 3, [[7, 2, 5]], [[10, 9, 2], 3, [3, 5], 9]], [9, 8, [2], [4, 5, [9, 2, 10, 10], 6, 10]]]
[[[2, [0, 4, 2, 6]], 8, 7, 2], [[6], [[5, 1, 6], 5, 2]]]
Comparing [[7, 3, [[7, 2, 5]], [[10, 9, 2], 3, [3, 5], 9]], [9, 8, [2], [4, 5, [9, 2, 10, 10], 6, 10]]] and [[[2, [0, 4, 2, 6]], 8, 7, 2], [[6], [[5, 1, 6], 5, 2]]] :
  Comparing [7, 3, [[7, 2, 5]], [[10, 9, 2], 3, [3, 5], 9]] and [[2, [0, 4, 2, 6]], 8, 7, 2] :
    Comparing 7 and [2, [0, 4, 2, 6]] :
      Comparing [7] and [2, [0, 4, 2, 6]] :
        Comparing 7 and 2 :
        7 is greater than 2
Wrong order
--------------Paire 7------------
--------------Paire 7------------
--------------Paire 7------------
[[[], 7]]
[[4], [[0, 3, 10, [0]]], [[0]], [7, [7], 1, 8], []]
Comparing [[[], 7]] and [[4], [[0, 3, 10, [0]]], [[0]], [7, [7], 1, 8], []] :
  Comparing [[], 7] and [4] :
    Comparing [] and 4 :
      Comparing [] and [4] :
      Left side ran out of items
Right order
--------------Paire 8------------
--------------Paire 8------------
--------------Paire 8------------
[[[[0], [3, 7, 8, 9], [3, 4], 7], 5, 3], [[[9, 8, 9]], 5, [0, [2, 9, 4, 4, 1]], []], [9, 6, [], []]]
[[[[2, 4, 7], [], 8, [9, 2, 4, 1], [8, 8, 3, 6]], 0], [[[1], [10], 3], [5], 0, 3]]
Comparing [[[[0], [3, 7, 8, 9], [3, 4], 7], 5, 3], [[[9, 8, 9]], 5, [0, [2, 9, 4, 4, 1]], []], [9, 6, [], []]] and [[[[2, 4, 7], [], 8, [9, 2, 4, 1], [8, 8, 3, 6]], 0], [[[1], [10], 3], [5], 0, 3]] :
  Comparing [[[0], [3, 7, 8, 9], [3, 4], 7], 5, 3] and [[[2, 4, 7], [], 8, [9, 2, 4, 1], [8, 8, 3, 6]], 0] :
    Comparing [[0], [3, 7, 8, 9], [3, 4], 7] and [[2, 4, 7], [], 8, [9, 2, 4, 1], [8, 8, 3, 6]] :
      Comparing [0] and [2, 4, 7] :
        Comparing 0 and 2 :
        0 is smaller than 2
Right order
--------------Paire 9------------
--------------Paire 9------------
--------------Paire 9------------
[[[], 5], [7, [[8, 4, 5, 5], 8, [], 1], 3, [[5, 9, 5, 2, 9], 10]], []]
[[7, 8, 8, 8]]
Comparing [[[], 5], [7, [[8, 4, 5, 5], 8, [], 1], 3, [[5, 9, 5, 2, 9], 10]], []] and [[7, 8, 8, 8]] :
  Comparing [[], 5] and [7, 8, 8, 8] :
    Comparing [] and 7 :
      Comparing [] and [7] :
      Left side ran out of items
Right order
--------------Paire 10------------
--------------Paire 10------------
--------------Paire 10------------
[[10, 4, [3, 10, [7, 6, 10, 4, 8], 3, [7]], 4], [5]]
[[4, []], [[[8, 2, 4, 6, 10]], 2, [7, [3], []]], [10, 10, 2, [2], 4], [], [[2, 9, [10, 2, 8]], 4]]
Comparing [[10, 4, [3, 10, [7, 6, 10, 4, 8], 3, [7]], 4], [5]] and [[4, []], [[[8, 2, 4, 6, 10]], 2, [7, [3], []]], [10, 10, 2, [2], 4], [], [[2, 9, [10, 2, 8]], 4]] :
  Comparing [10, 4, [3, 10, [7, 6, 10, 4, 8], 3, [7]], 4] and [4, []] :
    Comparing 10 and 4 :
    10 is greater than 4
Wrong order
--------------Paire 11------------
--------------Paire 11------------
--------------Paire 11------------
[[[2, 6, 6, 9], 2, 9, [8, [6]], [[3, 0], [0, 7, 8]]], [[[8, 10, 4, 7, 5]], 3, [1, []], [[4], [10, 1, 1, 6], 7, [3, 5, 0]], 2], [], [[8, 8, []]], [[[9, 1]], 2, 9, 1, 9]]
[[[0, [0, 3]], 9], [9, 9, [5, [1], [2, 4], 1, 6], [[], [3, 1], 5, 10]], [3, 6, [[3, 0]]], [[5, [5]], 5], [[4], [[7, 0, 8, 9, 10], 7, 6, 6, 2], 10, [[8, 9, 2], [9, 3, 0], [7], [2, 2, 2, 7, 4], [7]], [[5], 4, [5, 6, 0]]]]
Comparing [[[2, 6, 6, 9], 2, 9, [8, [6]], [[3, 0], [0, 7, 8]]], [[[8, 10, 4, 7, 5]], 3, [1, []], [[4], [10, 1, 1, 6], 7, [3, 5, 0]], 2], [], [[8, 8, []]], [[[9, 1]], 2, 9, 1, 9]] and [[[0, [0, 3]], 9], [9, 9, [5, [1], [2, 4], 1, 6], [[], [3, 1], 5, 10]], [3, 6, [[3, 0]]], [[5, [5]], 5], [[4], [[7, 0, 8, 9, 10], 7, 6, 6, 2], 10, [[8, 9, 2], [9, 3, 0], [7], [2, 2, 2, 7, 4], [7]], [[5], 4, [5, 6, 0]]]] :
  Comparing [[2, 6, 6, 9], 2, 9, [8, [6]], [[3, 0], [0, 7, 8]]] and [[0, [0, 3]], 9] :
    Comparing [2, 6, 6, 9] and [0, [0, 3]] :
      Comparing 2 and 0 :
      2 is greater than 0
Wrong order
--------------Paire 12------------
--------------Paire 12------------
--------------Paire 12------------
[[], [[7, [], 2, [0, 7, 1], 8]]]
[[1], [6, 9, 3, 4], [[4, [2, 6], [7, 5, 0], 3, [0]], [[0, 1, 8, 7, 3], 0], 3, [], [[3, 5, 1, 7]]], [0]]
Comparing [[], [[7, [], 2, [0, 7, 1], 8]]] and [[1], [6, 9, 3, 4], [[4, [2, 6], [7, 5, 0], 3, [0]], [[0, 1, 8, 7, 3], 0], 3, [], [[3, 5, 1, 7]]], [0]] :
  Comparing [] and [1] :
  Left side ran out of items
Right order
--------------Paire 13------------
--------------Paire 13------------
--------------Paire 13------------
[[[9, [10, 4, 6], [9, 8, 6, 4, 10], 2], [[8, 10], 4, [3, 0, 10]], [7, 8, 4, 10]]]
[[[[7], 9, [6, 0, 9, 6]], [2, 4]], [[], [], 8, 8, [5, 10]], [[[5, 0, 2, 3], [], 7, 4], 2, 0, []]]
Comparing [[[9, [10, 4, 6], [9, 8, 6, 4, 10], 2], [[8, 10], 4, [3, 0, 10]], [7, 8, 4, 10]]] and [[[[7], 9, [6, 0, 9, 6]], [2, 4]], [[], [], 8, 8, [5, 10]], [[[5, 0, 2, 3], [], 7, 4], 2, 0, []]] :
  Comparing [[9, [10, 4, 6], [9, 8, 6, 4, 10], 2], [[8, 10], 4, [3, 0, 10]], [7, 8, 4, 10]] and [[[7], 9, [6, 0, 9, 6]], [2, 4]] :
    Comparing [9, [10, 4, 6], [9, 8, 6, 4, 10], 2] and [[7], 9, [6, 0, 9, 6]] :
      Comparing 9 and [7] :
        Comparing [9] and [7] :
          Comparing 9 and 7 :
          9 is greater than 7
Wrong order
--------------Paire 14------------
--------------Paire 14------------
--------------Paire 14------------
[[0], [[], 7, [], [[], [6, 6, 7, 2], 9, 1]], [2, 10, [[3], 0], 0, 2], [[[2], 2, [3, 10, 1, 1]], 9], [9, [[3, 10, 8], [1, 3, 0]], [10, [5], [7, 7, 6, 2, 1], 9, 3]]]
[[[[0, 1, 9], 0, 10]], [5, [1, [8, 7, 2, 8], []]], [3], [[[], [8, 8, 9, 6, 6], 10, [0, 6, 1, 9], 3], [2, [9, 8], 5, [5]], [[8, 3]], [[9], [4, 4, 0, 1], 5], 6], []]
Comparing [[0], [[], 7, [], [[], [6, 6, 7, 2], 9, 1]], [2, 10, [[3], 0], 0, 2], [[[2], 2, [3, 10, 1, 1]], 9], [9, [[3, 10, 8], [1, 3, 0]], [10, [5], [7, 7, 6, 2, 1], 9, 3]]] and [[[[0, 1, 9], 0, 10]], [5, [1, [8, 7, 2, 8], []]], [3], [[[], [8, 8, 9, 6, 6], 10, [0, 6, 1, 9], 3], [2, [9, 8], 5, [5]], [[8, 3]], [[9], [4, 4, 0, 1], 5], 6], []] :
  Comparing [0] and [[[0, 1, 9], 0, 10]] :
    Comparing 0 and [[0, 1, 9], 0, 10] :
      Comparing [0] and [[0, 1, 9], 0, 10] :
        Comparing 0 and [0, 1, 9] :
          Comparing [0] and [0, 1, 9] :
            Comparing 0 and 0 :
            0 is equal to 0
          Left side ran out of items
Right order
--------------Paire 15------------
--------------Paire 15------------
--------------Paire 15------------
[[9], [[[], [5, 3]], [], [[1, 8, 0, 3], 7]], [], [3, 4, [3, [5, 2], 8], 6]]
[[1, [[0, 1, 8]], [], 2], [0, 6, [[]]], [[[], 7, 9, [7, 3, 5, 1, 7]], [[5, 4]], 4], [4, [3, 0, 4, 4]]]
Comparing [[9], [[[], [5, 3]], [], [[1, 8, 0, 3], 7]], [], [3, 4, [3, [5, 2], 8], 6]] and [[1, [[0, 1, 8]], [], 2], [0, 6, [[]]], [[[], 7, 9, [7, 3, 5, 1, 7]], [[5, 4]], 4], [4, [3, 0, 4, 4]]] :
  Comparing [9] and [1, [[0, 1, 8]], [], 2] :
    Comparing 9 and 1 :
    9 is greater than 1
Wrong order
--------------Paire 16------------
--------------Paire 16------------
--------------Paire 16------------
[[], [[[9], [1, 5], 5], [[9, 0, 8, 2], 4, 10, 2], 2, [[3, 1, 5, 2, 8], 10]], [], [[10, [2, 5], [], [2, 10, 5, 4]], 10, 3], [[[8, 5, 4, 8, 7], 6, [1, 9, 3], 0, [4, 9, 8, 6]], 3, 2]]
[[0, [2]], [10, 3, 5], [[[10], 3], 7, [[3, 9], 1, [0, 0, 6], 4, 9], []], [[9, 5, 10, [5, 0], [4]], 5, 10, 7, [[1, 7, 8], 7, [4, 5]]], [[[], 1, [10, 9], [8, 5, 8, 2], 7]]]
Comparing [[], [[[9], [1, 5], 5], [[9, 0, 8, 2], 4, 10, 2], 2, [[3, 1, 5, 2, 8], 10]], [], [[10, [2, 5], [], [2, 10, 5, 4]], 10, 3], [[[8, 5, 4, 8, 7], 6, [1, 9, 3], 0, [4, 9, 8, 6]], 3, 2]] and [[0, [2]], [10, 3, 5], [[[10], 3], 7, [[3, 9], 1, [0, 0, 6], 4, 9], []], [[9, 5, 10, [5, 0], [4]], 5, 10, 7, [[1, 7, 8], 7, [4, 5]]], [[[], 1, [10, 9], [8, 5, 8, 2], 7]]] :
  Comparing [] and [0, [2]] :
  Left side ran out of items
Right order
--------------Paire 17------------
--------------Paire 17------------
--------------Paire 17------------
[[], [4, [[2]], 0, 1], [[7, 0, 4]]]
[[[[2, 1], [4, 9], [0, 10], [3, 6, 9]], 2, [[0, 6, 3, 7, 10], [3, 0, 3, 5, 5]], [[9, 0], 3, [9, 5, 8, 8, 8]], [7]]]
Comparing [[], [4, [[2]], 0, 1], [[7, 0, 4]]] and [[[[2, 1], [4, 9], [0, 10], [3, 6, 9]], 2, [[0, 6, 3, 7, 10], [3, 0, 3, 5, 5]], [[9, 0], 3, [9, 5, 8, 8, 8]], [7]]] :
  Comparing [] and [[[2, 1], [4, 9], [0, 10], [3, 6, 9]], 2, [[0, 6, 3, 7, 10], [3, 0, 3, 5, 5]], [[9, 0], 3, [9, 5, 8, 8, 8]], [7]] :
  Left side ran out of items
Right order
--------------Paire 18------------
--------------Paire 18------------
--------------Paire 18------------
[[[5, 10, 2], [[4, 7, 10, 7], [0, 1, 10], [9, 5, 7, 4, 6], [10, 2, 0]]], [7, 6, [], 7, 3], [6, [[9], [0, 3], 8]], [9, [1, [9, 10, 1, 5], 1], [[10, 8], 8, 9], 6, 6]]
[[2], [0, 3, 3, [[10, 6], 3, [], 3, 3]], [[7]], [10, [10]], []]
Comparing [[[5, 10, 2], [[4, 7, 10, 7], [0, 1, 10], [9, 5, 7, 4, 6], [10, 2, 0]]], [7, 6, [], 7, 3], [6, [[9], [0, 3], 8]], [9, [1, [9, 10, 1, 5], 1], [[10, 8], 8, 9], 6, 6]] and [[2], [0, 3, 3, [[10, 6], 3, [], 3, 3]], [[7]], [10, [10]], []] :
  Comparing [[5, 10, 2], [[4, 7, 10, 7], [0, 1, 10], [9, 5, 7, 4, 6], [10, 2, 0]]] and [2] :
    Comparing [5, 10, 2] and 2 :
      Comparing [5, 10, 2] and [2] :
        Comparing 5 and 2 :
        5 is greater than 2
Wrong order
--------------Paire 19------------
--------------Paire 19------------
--------------Paire 19------------
[[[[1, 1, 3, 6, 7], [0, 2], 6], 3, 1, [7, [3, 1, 8, 3, 10]], [[3, 1, 5, 7, 1], 8, [3, 7, 9]]]]
[[4, [[8, 1, 6, 0, 5]]]]
Comparing [[[[1, 1, 3, 6, 7], [0, 2], 6], 3, 1, [7, [3, 1, 8, 3, 10]], [[3, 1, 5, 7, 1], 8, [3, 7, 9]]]] and [[4, [[8, 1, 6, 0, 5]]]] :
  Comparing [[[1, 1, 3, 6, 7], [0, 2], 6], 3, 1, [7, [3, 1, 8, 3, 10]], [[3, 1, 5, 7, 1], 8, [3, 7, 9]]] and [4, [[8, 1, 6, 0, 5]]] :
    Comparing [[1, 1, 3, 6, 7], [0, 2], 6] and 4 :
      Comparing [[1, 1, 3, 6, 7], [0, 2], 6] and [4] :
        Comparing [1, 1, 3, 6, 7] and 4 :
          Comparing [1, 1, 3, 6, 7] and [4] :
            Comparing 1 and 4 :
            1 is smaller than 4
Right order
--------------Paire 20------------
--------------Paire 20------------
--------------Paire 20------------
[[[3, 2], 5, [10, [3, 2, 5, 8, 10], []], 3], [0], [], [[]]]
[[], [10]]
Comparing [[[3, 2], 5, [10, [3, 2, 5, 8, 10], []], 3], [0], [], [[]]] and [[], [10]] :
  Comparing [[3, 2], 5, [10, [3, 2, 5, 8, 10], []], 3] and [] :
  Right side ran out of items
Wrong order
--------------Paire 21------------
--------------Paire 21------------
--------------Paire 21------------
[[6, 10], [8, 10, []]]
[[], [3]]
Comparing [[6, 10], [8, 10, []]] and [[], [3]] :
  Comparing [6, 10] and [] :
  Right side ran out of items
Wrong order
--------------Paire 22------------
--------------Paire 22------------
--------------Paire 22------------
[[5, 0, 10, 2, 9]]
[[0, 7], []]
Comparing [[5, 0, 10, 2, 9]] and [[0, 7], []] :
  Comparing [5, 0, 10, 2, 9] and [0, 7] :
    Comparing 5 and 0 :
    5 is greater than 0
Wrong order
--------------Paire 23------------
--------------Paire 23------------
--------------Paire 23------------
[[10, [[3, 0, 5, 7, 3], 8, 0], []], [[1, 3], 3, 3], [1, 7, [[3, 6, 2], [7, 6, 3], [7, 2]], [[7], [8, 2, 5, 5]]]]
[[], [[[10, 6, 5, 10], 2, [10, 5, 1, 3], [6, 4, 4]], [], 2], [[5], 3, [6, [], 1], 6]]
Comparing [[10, [[3, 0, 5, 7, 3], 8, 0], []], [[1, 3], 3, 3], [1, 7, [[3, 6, 2], [7, 6, 3], [7, 2]], [[7], [8, 2, 5, 5]]]] and [[], [[[10, 6, 5, 10], 2, [10, 5, 1, 3], [6, 4, 4]], [], 2], [[5], 3, [6, [], 1], 6]] :
  Comparing [10, [[3, 0, 5, 7, 3], 8, 0], []] and [] :
  Right side ran out of items
Wrong order
--------------Paire 24------------
--------------Paire 24------------
--------------Paire 24------------
[[[[2, 1, 3, 3], 1], [4, [4]], [[]]], [4, [], [6], 8, 7], [[5, [3, 0], 9], [0, 10, 0]], [[[8, 8, 7, 5, 2], 2], 3]]
[[[5, 9, [10], 0], [], 0, 7, 0], [9, [[3, 7, 0], [1, 9, 9], [8, 8]], 0, 10, [[8, 3, 5, 9, 4], 7, [9, 6, 3, 6], [2], 8]]]
Comparing [[[[2, 1, 3, 3], 1], [4, [4]], [[]]], [4, [], [6], 8, 7], [[5, [3, 0], 9], [0, 10, 0]], [[[8, 8, 7, 5, 2], 2], 3]] and [[[5, 9, [10], 0], [], 0, 7, 0], [9, [[3, 7, 0], [1, 9, 9], [8, 8]], 0, 10, [[8, 3, 5, 9, 4], 7, [9, 6, 3, 6], [2], 8]]] :
  Comparing [[[2, 1, 3, 3], 1], [4, [4]], [[]]] and [[5, 9, [10], 0], [], 0, 7, 0] :
    Comparing [[2, 1, 3, 3], 1] and [5, 9, [10], 0] :
      Comparing [2, 1, 3, 3] and 5 :
        Comparing [2, 1, 3, 3] and [5] :
          Comparing 2 and 5 :
          2 is smaller than 5
Right order
--------------Paire 25------------
--------------Paire 25------------
--------------Paire 25------------
[[], [], []]
[[[[9, 5, 10, 7, 3], []], [3, 4, 1, [4]], 9, 8, []], [[], 0]]
Comparing [[], [], []] and [[[[9, 5, 10, 7, 3], []], [3, 4, 1, [4]], 9, 8, []], [[], 0]] :
  Comparing [] and [[[9, 5, 10, 7, 3], []], [3, 4, 1, [4]], 9, 8, []] :
  Left side ran out of items
Right order
--------------Paire 26------------
--------------Paire 26------------
--------------Paire 26------------
[[6, [[2, 7, 6]]]]
[[3, 9], [[[10, 8, 5, 4, 6], 6, 5, 8, 10], [[6, 1, 0, 5], 7], 4, 4], [[[10, 1, 1, 2], [2], 1, [], [2, 2, 1]], [[10, 2], [8, 7, 3], []], [9, [7, 3]]], [[5, [8], [7, 8], []], [[3, 8, 4, 1], [3, 0, 1, 2], 1, 6], [[3, 7, 0], 4, [1, 8, 1], 3, 7], 4, 6]]
Comparing [[6, [[2, 7, 6]]]] and [[3, 9], [[[10, 8, 5, 4, 6], 6, 5, 8, 10], [[6, 1, 0, 5], 7], 4, 4], [[[10, 1, 1, 2], [2], 1, [], [2, 2, 1]], [[10, 2], [8, 7, 3], []], [9, [7, 3]]], [[5, [8], [7, 8], []], [[3, 8, 4, 1], [3, 0, 1, 2], 1, 6], [[3, 7, 0], 4, [1, 8, 1], 3, 7], 4, 6]] :
  Comparing [6, [[2, 7, 6]]] and [3, 9] :
    Comparing 6 and 3 :
    6 is greater than 3
Wrong order
--------------Paire 27------------
--------------Paire 27------------
--------------Paire 27------------
[[6, [[3, 3, 2], [7, 0]], [2], 6, [[8], []]], [[], 4, [[10], [3, 4, 10, 4, 7]], [10, [0], [10]], 10]]
[[6, 0, [[4, 1, 10, 10], 1, [10, 3, 3, 6, 5]]]]
Comparing [[6, [[3, 3, 2], [7, 0]], [2], 6, [[8], []]], [[], 4, [[10], [3, 4, 10, 4, 7]], [10, [0], [10]], 10]] and [[6, 0, [[4, 1, 10, 10], 1, [10, 3, 3, 6, 5]]]] :
  Comparing [6, [[3, 3, 2], [7, 0]], [2], 6, [[8], []]] and [6, 0, [[4, 1, 10, 10], 1, [10, 3, 3, 6, 5]]] :
    Comparing 6 and 6 :
    6 is equal to 6
    Comparing [[3, 3, 2], [7, 0]] and 0 :
      Comparing [[3, 3, 2], [7, 0]] and [0] :
        Comparing [3, 3, 2] and 0 :
          Comparing [3, 3, 2] and [0] :
            Comparing 3 and 0 :
            3 is greater than 0
Wrong order
--------------Paire 28------------
--------------Paire 28------------
--------------Paire 28------------
[[[2, [3, 9, 1, 5]], [[9, 5, 1, 7], [0, 0, 0, 0], [9, 3, 9, 8]]], [9, [[10, 2, 7], 3, [10, 0, 2], 10, 6], [[8, 4, 8, 8], [3, 4, 9], 5], 8, [5, 6, 6]]]
[[], [[[8, 8, 9], 4], [[], 1, [2, 4, 6]]], [6, [8], [1], [8, 3], [[8, 6], 6]], [2]]
Comparing [[[2, [3, 9, 1, 5]], [[9, 5, 1, 7], [0, 0, 0, 0], [9, 3, 9, 8]]], [9, [[10, 2, 7], 3, [10, 0, 2], 10, 6], [[8, 4, 8, 8], [3, 4, 9], 5], 8, [5, 6, 6]]] and [[], [[[8, 8, 9], 4], [[], 1, [2, 4, 6]]], [6, [8], [1], [8, 3], [[8, 6], 6]], [2]] :
  Comparing [[2, [3, 9, 1, 5]], [[9, 5, 1, 7], [0, 0, 0, 0], [9, 3, 9, 8]]] and [] :
  Right side ran out of items
Wrong order
--------------Paire 29------------
--------------Paire 29------------
--------------Paire 29------------
[[[[8, 3], 8, 9, [3, 0], 8], [[4, 8, 7], [0], 1]]]
[[[[8], 0, 8], [5, 7, 0, 0]], [[]], []]
Comparing [[[[8, 3], 8, 9, [3, 0], 8], [[4, 8, 7], [0], 1]]] and [[[[8], 0, 8], [5, 7, 0, 0]], [[]], []] :
  Comparing [[[8, 3], 8, 9, [3, 0], 8], [[4, 8, 7], [0], 1]] and [[[8], 0, 8], [5, 7, 0, 0]] :
    Comparing [[8, 3], 8, 9, [3, 0], 8] and [[8], 0, 8] :
      Comparing [8, 3] and [8] :
        Comparing 8 and 8 :
        8 is equal to 8
      Right side ran out of items
Wrong order
--------------Paire 30------------
--------------Paire 30------------
--------------Paire 30------------
[[1, 7], [0], [[], [9, 5, [1, 4], [6, 10], 0], 1, [[]], [[3, 0, 9, 5], 6, 3, 10, 1]], [[1, 5, 3], [6, 6, 3, 1], 1, 2], [5]]
[[7, [9, 3, [9, 9, 10, 10, 3]], [[2, 4], [1, 9, 8, 2, 9], 7], 7]]
Comparing [[1, 7], [0], [[], [9, 5, [1, 4], [6, 10], 0], 1, [[]], [[3, 0, 9, 5], 6, 3, 10, 1]], [[1, 5, 3], [6, 6, 3, 1], 1, 2], [5]] and [[7, [9, 3, [9, 9, 10, 10, 3]], [[2, 4], [1, 9, 8, 2, 9], 7], 7]] :
  Comparing [1, 7] and [7, [9, 3, [9, 9, 10, 10, 3]], [[2, 4], [1, 9, 8, 2, 9], 7], 7] :
    Comparing 1 and 7 :
    1 is smaller than 7
Right order
--------------Paire 31------------
--------------Paire 31------------
--------------Paire 31------------
[[[0, 3]], [[], 3, [4], 5]]
[[], [9], [[3, [9], [7, 9, 7]], 5, [9]], [[[2, 1, 1, 6], [7, 8]], [[], 1, [5, 1, 1, 8], [1, 10, 8, 2, 4]], 3, [], 7]]
Comparing [[[0, 3]], [[], 3, [4], 5]] and [[], [9], [[3, [9], [7, 9, 7]], 5, [9]], [[[2, 1, 1, 6], [7, 8]], [[], 1, [5, 1, 1, 8], [1, 10, 8, 2, 4]], 3, [], 7]] :
  Comparing [[0, 3]] and [] :
  Right side ran out of items
Wrong order
--------------Paire 32------------
--------------Paire 32------------
--------------Paire 32------------
[[5, [[5], [0, 7, 2, 7, 9], 9, 4], 8, [], 6], [5, 9, 9], [[], [[9], 6, 6, [7, 6, 7], []], [7, [8, 8, 8, 2, 8], 6, 2, 6]], [5]]
[[8, 8, 1, 0], []]
Comparing [[5, [[5], [0, 7, 2, 7, 9], 9, 4], 8, [], 6], [5, 9, 9], [[], [[9], 6, 6, [7, 6, 7], []], [7, [8, 8, 8, 2, 8], 6, 2, 6]], [5]] and [[8, 8, 1, 0], []] :
  Comparing [5, [[5], [0, 7, 2, 7, 9], 9, 4], 8, [], 6] and [8, 8, 1, 0] :
    Comparing 5 and 8 :
    5 is smaller than 8
Right order
--------------Paire 33------------
--------------Paire 33------------
--------------Paire 33------------
[[8, 8, [[1, 1], [4]], 3, [7]], [[[0, 4, 5, 8, 0], [10, 8, 3, 4], []], 7, 1, 5], [[[10, 1, 3], 9, [1, 4, 9, 8], [], 3]], [[]]]
[[], [], [[10, [7, 1, 0]], 9], [1, [[3, 8], [5, 5, 1, 2, 0], 5, [2, 4, 7, 9, 9]], 0, [2], 6]]
Comparing [[8, 8, [[1, 1], [4]], 3, [7]], [[[0, 4, 5, 8, 0], [10, 8, 3, 4], []], 7, 1, 5], [[[10, 1, 3], 9, [1, 4, 9, 8], [], 3]], [[]]] and [[], [], [[10, [7, 1, 0]], 9], [1, [[3, 8], [5, 5, 1, 2, 0], 5, [2, 4, 7, 9, 9]], 0, [2], 6]] :
  Comparing [8, 8, [[1, 1], [4]], 3, [7]] and [] :
  Right side ran out of items
Wrong order
--------------Paire 34------------
--------------Paire 34------------
--------------Paire 34------------
[[], [4, [6, 9, [0], 8, 1], [4, 9, [0, 2, 2, 0, 10], [7], 1]], [[[2, 6], [6, 2, 9], [0, 3], 2], 2], []]
[[], [[[6, 3], [10, 9]], 5, 7, [2, 6], 0], [10]]
Comparing [[], [4, [6, 9, [0], 8, 1], [4, 9, [0, 2, 2, 0, 10], [7], 1]], [[[2, 6], [6, 2, 9], [0, 3], 2], 2], []] and [[], [[[6, 3], [10, 9]], 5, 7, [2, 6], 0], [10]] :
  Comparing [] and [] :
  Lists are equal
  Comparing [4, [6, 9, [0], 8, 1], [4, 9, [0, 2, 2, 0, 10], [7], 1]] and [[[6, 3], [10, 9]], 5, 7, [2, 6], 0] :
    Comparing 4 and [[6, 3], [10, 9]] :
      Comparing [4] and [[6, 3], [10, 9]] :
        Comparing 4 and [6, 3] :
          Comparing [4] and [6, 3] :
            Comparing 4 and 6 :
            4 is smaller than 6
Right order
--------------Paire 35------------
--------------Paire 35------------
--------------Paire 35------------
[[[[4, 9, 9, 6, 10], 3, 7, 1, [9, 4, 8, 6]]], [7, [[1, 9]], 7]]
[[7, [7, 10], 10]]
Comparing [[[[4, 9, 9, 6, 10], 3, 7, 1, [9, 4, 8, 6]]], [7, [[1, 9]], 7]] and [[7, [7, 10], 10]] :
  Comparing [[[4, 9, 9, 6, 10], 3, 7, 1, [9, 4, 8, 6]]] and [7, [7, 10], 10] :
    Comparing [[4, 9, 9, 6, 10], 3, 7, 1, [9, 4, 8, 6]] and 7 :
      Comparing [[4, 9, 9, 6, 10], 3, 7, 1, [9, 4, 8, 6]] and [7] :
        Comparing [4, 9, 9, 6, 10] and 7 :
          Comparing [4, 9, 9, 6, 10] and [7] :
            Comparing 4 and 7 :
            4 is smaller than 7
Right order
--------------Paire 36------------
--------------Paire 36------------
--------------Paire 36------------
[[[[9], 5]], [[[7, 7, 4], 8, 9, [0, 10, 2, 0, 9]], [[1, 0], [6], 4], 6], [[[7, 8], 8, 9, [], []], 5, [], 9], [10]]
[[[9, [], 6], [[7, 8, 8, 1], []], [4, [], [8, 4, 9, 3, 5], 3], [0, [0, 5, 3, 4], 0, 1], [4, 9, 4, 7]], [[0, [10, 0]], [[1, 1, 8, 10], 9, 1, [7, 6]], 4]]
Comparing [[[[9], 5]], [[[7, 7, 4], 8, 9, [0, 10, 2, 0, 9]], [[1, 0], [6], 4], 6], [[[7, 8], 8, 9, [], []], 5, [], 9], [10]] and [[[9, [], 6], [[7, 8, 8, 1], []], [4, [], [8, 4, 9, 3, 5], 3], [0, [0, 5, 3, 4], 0, 1], [4, 9, 4, 7]], [[0, [10, 0]], [[1, 1, 8, 10], 9, 1, [7, 6]], 4]] :
  Comparing [[[9], 5]] and [[9, [], 6], [[7, 8, 8, 1], []], [4, [], [8, 4, 9, 3, 5], 3], [0, [0, 5, 3, 4], 0, 1], [4, 9, 4, 7]] :
    Comparing [[9], 5] and [9, [], 6] :
      Comparing [9] and 9 :
        Comparing [9] and [9] :
          Comparing 9 and 9 :
          9 is equal to 9
        Lists are equal
      Comparing 5 and [] :
        Comparing [5] and [] :
        Right side ran out of items
Wrong order
--------------Paire 37------------
--------------Paire 37------------
--------------Paire 37------------
[[[4, 0], [[6, 4], 0, [2], [3, 6, 4, 2, 6], [3, 1, 2, 8, 3]], [8, [4, 7, 10, 8], 10], [0, 8, 4]], [[[6, 2, 5], 4, 3, 2], [[2, 7], 9, 7], 6], [8, [7, [6, 2, 0, 2, 7], [9, 10]], 5]]
[[], [[[10]], [[0, 7, 0, 10], 0, [10, 8, 0]], 8, 3, []]]
Comparing [[[4, 0], [[6, 4], 0, [2], [3, 6, 4, 2, 6], [3, 1, 2, 8, 3]], [8, [4, 7, 10, 8], 10], [0, 8, 4]], [[[6, 2, 5], 4, 3, 2], [[2, 7], 9, 7], 6], [8, [7, [6, 2, 0, 2, 7], [9, 10]], 5]] and [[], [[[10]], [[0, 7, 0, 10], 0, [10, 8, 0]], 8, 3, []]] :
  Comparing [[4, 0], [[6, 4], 0, [2], [3, 6, 4, 2, 6], [3, 1, 2, 8, 3]], [8, [4, 7, 10, 8], 10], [0, 8, 4]] and [] :
  Right side ran out of items
Wrong order
--------------Paire 38------------
--------------Paire 38------------
--------------Paire 38------------
[[[[8], [0, 10, 8, 0, 3], [10]], 1, [], 8], [[], 5, 3, 10]]
[[6, 2, 0, 7, 5], []]
Comparing [[[[8], [0, 10, 8, 0, 3], [10]], 1, [], 8], [[], 5, 3, 10]] and [[6, 2, 0, 7, 5], []] :
  Comparing [[[8], [0, 10, 8, 0, 3], [10]], 1, [], 8] and [6, 2, 0, 7, 5] :
    Comparing [[8], [0, 10, 8, 0, 3], [10]] and 6 :
      Comparing [[8], [0, 10, 8, 0, 3], [10]] and [6] :
        Comparing [8] and 6 :
          Comparing [8] and [6] :
            Comparing 8 and 6 :
            8 is greater than 6
Wrong order
--------------Paire 39------------
--------------Paire 39------------
--------------Paire 39------------
[[], [[0, [10, 8, 4, 10], 6], [9, 7, 9, [9]], 10, [[5, 0, 7], 1, [6, 4, 2], []], [[10, 9, 3, 8, 5], 5, 2]], [2, 6, 8, 4]]
[[4, 10, 10]]
Comparing [[], [[0, [10, 8, 4, 10], 6], [9, 7, 9, [9]], 10, [[5, 0, 7], 1, [6, 4, 2], []], [[10, 9, 3, 8, 5], 5, 2]], [2, 6, 8, 4]] and [[4, 10, 10]] :
  Comparing [] and [4, 10, 10] :
  Left side ran out of items
Right order
--------------Paire 40------------
--------------Paire 40------------
--------------Paire 40------------
[[0, [], 10, [[0, 7, 7, 9], 7, [], [10, 10], 7], [[2, 8, 9, 10]]], [[8, 1], []], [[6, [5, 5, 1, 1], [10, 4, 7, 8, 7]], 8, 4, 5, [[10, 2], [0], [8, 8, 1, 0], [6, 4], 0]]]
[[9, 9, [[5, 9, 0, 5]], [3, [2], [], [9, 8, 6]]], [[4]], [3, 6, 6, 9]]
Comparing [[0, [], 10, [[0, 7, 7, 9], 7, [], [10, 10], 7], [[2, 8, 9, 10]]], [[8, 1], []], [[6, [5, 5, 1, 1], [10, 4, 7, 8, 7]], 8, 4, 5, [[10, 2], [0], [8, 8, 1, 0], [6, 4], 0]]] and [[9, 9, [[5, 9, 0, 5]], [3, [2], [], [9, 8, 6]]], [[4]], [3, 6, 6, 9]] :
  Comparing [0, [], 10, [[0, 7, 7, 9], 7, [], [10, 10], 7], [[2, 8, 9, 10]]] and [9, 9, [[5, 9, 0, 5]], [3, [2], [], [9, 8, 6]]] :
    Comparing 0 and 9 :
    0 is smaller than 9
Right order
--------------Paire 41------------
--------------Paire 41------------
--------------Paire 41------------
[[4, [[8, 4, 5, 5], [4, 8, 5, 4]], 5, 9], []]
[[3, 0, 8, [[0, 4], [0, 6, 7, 4, 6], [2]]], [[5, 5, 6, 8, 1], 3]]
Comparing [[4, [[8, 4, 5, 5], [4, 8, 5, 4]], 5, 9], []] and [[3, 0, 8, [[0, 4], [0, 6, 7, 4, 6], [2]]], [[5, 5, 6, 8, 1], 3]] :
  Comparing [4, [[8, 4, 5, 5], [4, 8, 5, 4]], 5, 9] and [3, 0, 8, [[0, 4], [0, 6, 7, 4, 6], [2]]] :
    Comparing 4 and 3 :
    4 is greater than 3
Wrong order
--------------Paire 42------------
--------------Paire 42------------
--------------Paire 42------------
[[], [[], [8, 1, [10, 3, 5, 8]], [[0], 3], [[9, 3]], 1], [], [[6, 8, [5, 1, 10], [2, 0, 10, 8, 7]], [[0, 2, 6, 1, 10], 8, [1, 2], [8, 8, 3, 9], [6, 1, 9, 1]], [8, 7, 6], [[], 0, 7, 8, [1, 5, 10]]], [6, 6]]
[[[2, 1, [1, 9], [0]]]]
Comparing [[], [[], [8, 1, [10, 3, 5, 8]], [[0], 3], [[9, 3]], 1], [], [[6, 8, [5, 1, 10], [2, 0, 10, 8, 7]], [[0, 2, 6, 1, 10], 8, [1, 2], [8, 8, 3, 9], [6, 1, 9, 1]], [8, 7, 6], [[], 0, 7, 8, [1, 5, 10]]], [6, 6]] and [[[2, 1, [1, 9], [0]]]] :
  Comparing [] and [[2, 1, [1, 9], [0]]] :
  Left side ran out of items
Right order
--------------Paire 43------------
--------------Paire 43------------
--------------Paire 43------------
[[[], [[4, 2, 7], 9, []], 8, []], [[0, 4, [8, 2], []]], [], [[], [7, [2]], 7, 7]]
[[[8, 3, 6, 1, 7], 10, [[9, 2, 7, 1, 1], 2, [0, 1], 4, 2], 1]]
Comparing [[[], [[4, 2, 7], 9, []], 8, []], [[0, 4, [8, 2], []]], [], [[], [7, [2]], 7, 7]] and [[[8, 3, 6, 1, 7], 10, [[9, 2, 7, 1, 1], 2, [0, 1], 4, 2], 1]] :
  Comparing [[], [[4, 2, 7], 9, []], 8, []] and [[8, 3, 6, 1, 7], 10, [[9, 2, 7, 1, 1], 2, [0, 1], 4, 2], 1] :
    Comparing [] and [8, 3, 6, 1, 7] :
    Left side ran out of items
Right order
--------------Paire 44------------
--------------Paire 44------------
--------------Paire 44------------
[[9, 5, [2, 3, [0], [2, 3, 4, 2, 10]]], [5, [1, 10, 4], 5]]
[[4, 5], [3, [5, 7, 10, []]], [[[], [2, 7]], 10, 4, 10, 3], []]
Comparing [[9, 5, [2, 3, [0], [2, 3, 4, 2, 10]]], [5, [1, 10, 4], 5]] and [[4, 5], [3, [5, 7, 10, []]], [[[], [2, 7]], 10, 4, 10, 3], []] :
  Comparing [9, 5, [2, 3, [0], [2, 3, 4, 2, 10]]] and [4, 5] :
    Comparing 9 and 4 :
    9 is greater than 4
Wrong order
--------------Paire 45------------
--------------Paire 45------------
--------------Paire 45------------
[[6, 3, 10, [[9, 10], 5, [1, 5, 6, 6], 2], 0]]
[[3, 6, 8, 1], [[[1, 5, 0], [6, 9, 2, 2], [6]], [], [[9, 4, 8, 7], [9, 8, 7, 6], [1, 9, 6, 3, 2]]], [8, 5]]
Comparing [[6, 3, 10, [[9, 10], 5, [1, 5, 6, 6], 2], 0]] and [[3, 6, 8, 1], [[[1, 5, 0], [6, 9, 2, 2], [6]], [], [[9, 4, 8, 7], [9, 8, 7, 6], [1, 9, 6, 3, 2]]], [8, 5]] :
  Comparing [6, 3, 10, [[9, 10], 5, [1, 5, 6, 6], 2], 0] and [3, 6, 8, 1] :
    Comparing 6 and 3 :
    6 is greater than 3
Wrong order
--------------Paire 46------------
--------------Paire 46------------
--------------Paire 46------------
[[[], 1, [0], [4, 8, 10, [10, 0]], 3], [[[], 10, 2, 1], [[9, 6, 4], [5], 6], [], [6, 5, 4, []]], [], [1]]
[[[7, [9, 1, 5], 1, [3], 1], 6, 9, [[1], [], [8, 9, 8, 8, 9]], 6], [3, [[0, 2, 2], 6, 3], 0], [], [4, [], [7, [4, 4, 3, 3, 3], [0, 5, 5, 3, 8]]]]
Comparing [[[], 1, [0], [4, 8, 10, [10, 0]], 3], [[[], 10, 2, 1], [[9, 6, 4], [5], 6], [], [6, 5, 4, []]], [], [1]] and [[[7, [9, 1, 5], 1, [3], 1], 6, 9, [[1], [], [8, 9, 8, 8, 9]], 6], [3, [[0, 2, 2], 6, 3], 0], [], [4, [], [7, [4, 4, 3, 3, 3], [0, 5, 5, 3, 8]]]] :
  Comparing [[], 1, [0], [4, 8, 10, [10, 0]], 3] and [[7, [9, 1, 5], 1, [3], 1], 6, 9, [[1], [], [8, 9, 8, 8, 9]], 6] :
    Comparing [] and [7, [9, 1, 5], 1, [3], 1] :
    Left side ran out of items
Right order
--------------Paire 47------------
--------------Paire 47------------
--------------Paire 47------------
[[1, 9, [[9, 7, 0, 8, 0]], 5, []]]
[[[], 7, [0, [5, 6], [0, 2], [2, 1, 4, 0, 7], [6, 8, 0, 10, 9]]], [[[6, 2, 6, 1], 6, 4], 0]]
Comparing [[1, 9, [[9, 7, 0, 8, 0]], 5, []]] and [[[], 7, [0, [5, 6], [0, 2], [2, 1, 4, 0, 7], [6, 8, 0, 10, 9]]], [[[6, 2, 6, 1], 6, 4], 0]] :
  Comparing [1, 9, [[9, 7, 0, 8, 0]], 5, []] and [[], 7, [0, [5, 6], [0, 2], [2, 1, 4, 0, 7], [6, 8, 0, 10, 9]]] :
    Comparing 1 and [] :
      Comparing [1] and [] :
      Right side ran out of items
Wrong order
--------------Paire 48------------
--------------Paire 48------------
--------------Paire 48------------
[[[9], [0, 10, 7], [4, [1, 9, 0], [0, 7, 10], 2, 7], [[4, 6, 6, 3, 4]], 3], [6, 7, [[4, 4, 6, 4, 6], [4, 9], [6, 1, 7, 4], 7, [1, 1, 10]], 2], [[0, [10, 0, 7, 3, 8], 9, [4, 4, 8]], [], 6, [[10, 9], [0, 4, 1], 9, [7, 5, 10]], [3, 10, [7, 9, 3]]], [4, [9], 7, [6]], [[1, [9, 8, 1, 6], 1], 4, 3, [[2, 0, 6, 9, 3], [4, 2, 1, 6, 10], [], [], []]]]
[[9, 5, [[3], [8, 9, 4, 10, 5], 3, 3, []], []], [1, 8, 0, [[8, 7, 6, 8]], 3], [[[10, 0], [5, 5]], 10], [[[4, 6, 9, 6, 10], [4, 8, 9, 10], [1, 8, 3, 1, 4]], [0, 1], [7, 6]], [[[8], [7]], [[2, 8, 2], [9], [0], [5]], [0], [2, 3, 2, 1]]]
Comparing [[[9], [0, 10, 7], [4, [1, 9, 0], [0, 7, 10], 2, 7], [[4, 6, 6, 3, 4]], 3], [6, 7, [[4, 4, 6, 4, 6], [4, 9], [6, 1, 7, 4], 7, [1, 1, 10]], 2], [[0, [10, 0, 7, 3, 8], 9, [4, 4, 8]], [], 6, [[10, 9], [0, 4, 1], 9, [7, 5, 10]], [3, 10, [7, 9, 3]]], [4, [9], 7, [6]], [[1, [9, 8, 1, 6], 1], 4, 3, [[2, 0, 6, 9, 3], [4, 2, 1, 6, 10], [], [], []]]] and [[9, 5, [[3], [8, 9, 4, 10, 5], 3, 3, []], []], [1, 8, 0, [[8, 7, 6, 8]], 3], [[[10, 0], [5, 5]], 10], [[[4, 6, 9, 6, 10], [4, 8, 9, 10], [1, 8, 3, 1, 4]], [0, 1], [7, 6]], [[[8], [7]], [[2, 8, 2], [9], [0], [5]], [0], [2, 3, 2, 1]]] :
  Comparing [[9], [0, 10, 7], [4, [1, 9, 0], [0, 7, 10], 2, 7], [[4, 6, 6, 3, 4]], 3] and [9, 5, [[3], [8, 9, 4, 10, 5], 3, 3, []], []] :
    Comparing [9] and 9 :
      Comparing [9] and [9] :
        Comparing 9 and 9 :
        9 is equal to 9
      Lists are equal
    Comparing [0, 10, 7] and 5 :
      Comparing [0, 10, 7] and [5] :
        Comparing 0 and 5 :
        0 is smaller than 5
Right order
--------------Paire 49------------
--------------Paire 49------------
--------------Paire 49------------
[[[5, [6], 1, [2]], [6, 4, 5]], [7, 10], [[10, 5, [8]], [[10, 2, 8, 3], [7, 7, 4], 1]], [1, 8]]
[[8, [[], [10, 0, 2], [], [10, 2]], 8, [4, 3, [3, 7, 2, 0], [7, 7, 7, 8, 10]], 7], [[4, [10, 7, 3], [9, 2], 2, 4], [1, 1, [1], 8], [[7]], 1, 3], [[], 0], [[], [6, 3, 6, 0], 3], [[[2], [3, 10, 7], 4, 7, 5], [], 4]]
Comparing [[[5, [6], 1, [2]], [6, 4, 5]], [7, 10], [[10, 5, [8]], [[10, 2, 8, 3], [7, 7, 4], 1]], [1, 8]] and [[8, [[], [10, 0, 2], [], [10, 2]], 8, [4, 3, [3, 7, 2, 0], [7, 7, 7, 8, 10]], 7], [[4, [10, 7, 3], [9, 2], 2, 4], [1, 1, [1], 8], [[7]], 1, 3], [[], 0], [[], [6, 3, 6, 0], 3], [[[2], [3, 10, 7], 4, 7, 5], [], 4]] :
  Comparing [[5, [6], 1, [2]], [6, 4, 5]] and [8, [[], [10, 0, 2], [], [10, 2]], 8, [4, 3, [3, 7, 2, 0], [7, 7, 7, 8, 10]], 7] :
    Comparing [5, [6], 1, [2]] and 8 :
      Comparing [5, [6], 1, [2]] and [8] :
        Comparing 5 and 8 :
        5 is smaller than 8
Right order
--------------Paire 50------------
--------------Paire 50------------
--------------Paire 50------------
[[8, 0, [[], [9, 1, 2, 6], 5, 2]]]
[[5, [[], 4, [10, 4, 8, 1, 3]], 7]]
Comparing [[8, 0, [[], [9, 1, 2, 6], 5, 2]]] and [[5, [[], 4, [10, 4, 8, 1, 3]], 7]] :
  Comparing [8, 0, [[], [9, 1, 2, 6], 5, 2]] and [5, [[], 4, [10, 4, 8, 1, 3]], 7] :
    Comparing 8 and 5 :
    8 is greater than 5
Wrong order
--------------Paire 51------------
--------------Paire 51------------
--------------Paire 51------------
[[], [[]]]
[[[5, [7, 8, 10, 8], 1], [[5, 10, 8, 10, 8], 7, [8, 1, 1, 6, 9], [6, 1, 8], 7], 3, 9], [[[6, 0, 7, 6, 0], [7, 0], []], [0, [9, 5, 0, 7, 8], 7, 0, 10], 10], [], [[[0, 3, 2, 6, 0], 1], [0, 0, [3, 7, 4, 1]]]]
Comparing [[], [[]]] and [[[5, [7, 8, 10, 8], 1], [[5, 10, 8, 10, 8], 7, [8, 1, 1, 6, 9], [6, 1, 8], 7], 3, 9], [[[6, 0, 7, 6, 0], [7, 0], []], [0, [9, 5, 0, 7, 8], 7, 0, 10], 10], [], [[[0, 3, 2, 6, 0], 1], [0, 0, [3, 7, 4, 1]]]] :
  Comparing [] and [[5, [7, 8, 10, 8], 1], [[5, 10, 8, 10, 8], 7, [8, 1, 1, 6, 9], [6, 1, 8], 7], 3, 9] :
  Left side ran out of items
Right order
--------------Paire 52------------
--------------Paire 52------------
--------------Paire 52------------
[[[7, [0, 10, 1, 7], [9, 1, 0, 4]], 1, 5], [3, 1, [6, 2, [9, 4, 8], [0, 3, 8, 5]], 8]]
[[9, 4, [8, 9, 10]], [1, [[2, 2, 3, 10], 1], 8, [[0], [1, 10, 6], 1, []]], [[[2, 2, 8, 1, 5], 9, [8, 5, 9, 9, 2], [5, 0]], [], [], [[9, 5, 3, 1, 0], 3, 2, [1, 8, 0]], [5, 1, [6, 6, 10, 4], 9, 5]]]
Comparing [[[7, [0, 10, 1, 7], [9, 1, 0, 4]], 1, 5], [3, 1, [6, 2, [9, 4, 8], [0, 3, 8, 5]], 8]] and [[9, 4, [8, 9, 10]], [1, [[2, 2, 3, 10], 1], 8, [[0], [1, 10, 6], 1, []]], [[[2, 2, 8, 1, 5], 9, [8, 5, 9, 9, 2], [5, 0]], [], [], [[9, 5, 3, 1, 0], 3, 2, [1, 8, 0]], [5, 1, [6, 6, 10, 4], 9, 5]]] :
  Comparing [[7, [0, 10, 1, 7], [9, 1, 0, 4]], 1, 5] and [9, 4, [8, 9, 10]] :
    Comparing [7, [0, 10, 1, 7], [9, 1, 0, 4]] and 9 :
      Comparing [7, [0, 10, 1, 7], [9, 1, 0, 4]] and [9] :
        Comparing 7 and 9 :
        7 is smaller than 9
Right order
--------------Paire 53------------
--------------Paire 53------------
--------------Paire 53------------
[[0, []], [[10, [6, 10], 5, 10], [4, 5, [5, 3], 2, 8], [], []]]
[[6, 10], [], [], [[[10, 4, 0, 2, 9]], 9, 5], [5, [9, 4], [4, 8, 0, [0, 6, 3, 2]], [[9, 1, 2, 1, 4]]]]
Comparing [[0, []], [[10, [6, 10], 5, 10], [4, 5, [5, 3], 2, 8], [], []]] and [[6, 10], [], [], [[[10, 4, 0, 2, 9]], 9, 5], [5, [9, 4], [4, 8, 0, [0, 6, 3, 2]], [[9, 1, 2, 1, 4]]]] :
  Comparing [0, []] and [6, 10] :
    Comparing 0 and 6 :
    0 is smaller than 6
Right order
--------------Paire 54------------
--------------Paire 54------------
--------------Paire 54------------
[[3, [1, [9, 5]]], [[1, 7, [], [2, 10, 5], 0], [4, [], [9, 10, 2, 1], 7, 6], 5, [[6, 4, 5, 4], [0, 1, 6], 6], 2], []]
[[], [[1, 7, [9, 7], [9, 3, 6], 2]], [[1, [5]], 4]]
Comparing [[3, [1, [9, 5]]], [[1, 7, [], [2, 10, 5], 0], [4, [], [9, 10, 2, 1], 7, 6], 5, [[6, 4, 5, 4], [0, 1, 6], 6], 2], []] and [[], [[1, 7, [9, 7], [9, 3, 6], 2]], [[1, [5]], 4]] :
  Comparing [3, [1, [9, 5]]] and [] :
  Right side ran out of items
Wrong order
--------------Paire 55------------
--------------Paire 55------------
--------------Paire 55------------
[[8]]
[[8, 7, [], [6]], [6, 1, 4, 9, [[4, 2, 0, 6, 7], [10, 5, 5], [], [10, 8, 10]]]]
Comparing [[8]] and [[8, 7, [], [6]], [6, 1, 4, 9, [[4, 2, 0, 6, 7], [10, 5, 5], [], [10, 8, 10]]]] :
  Comparing [8] and [8, 7, [], [6]] :
    Comparing 8 and 8 :
    8 is equal to 8
  Left side ran out of items
Right order
--------------Paire 56------------
--------------Paire 56------------
--------------Paire 56------------
[]
[[[2], [3, 6, 10], 6, [10]], [[8, 7, 8, [5]]]]
Comparing [] and [[[2], [3, 6, 10], 6, [10]], [[8, 7, 8, [5]]]] :
Left side ran out of items
Right order
--------------Paire 57------------
--------------Paire 57------------
--------------Paire 57------------
[[[1, 5, [], []], [2, 0, [2, 6, 9], 9, 6]], [2], [[[7, 9, 7, 2], [9, 1, 6, 5, 9], 6], 7, [], 7, [[10, 2], [], [], [0]]]]
[[[[6, 4, 7], 2, [6, 5, 7], 4]], [], [5, 6, 7, 10, 1], [10], [[[2, 3, 5, 2], 6, [8, 2, 0], 4, 9]]]
Comparing [[[1, 5, [], []], [2, 0, [2, 6, 9], 9, 6]], [2], [[[7, 9, 7, 2], [9, 1, 6, 5, 9], 6], 7, [], 7, [[10, 2], [], [], [0]]]] and [[[[6, 4, 7], 2, [6, 5, 7], 4]], [], [5, 6, 7, 10, 1], [10], [[[2, 3, 5, 2], 6, [8, 2, 0], 4, 9]]] :
  Comparing [[1, 5, [], []], [2, 0, [2, 6, 9], 9, 6]] and [[[6, 4, 7], 2, [6, 5, 7], 4]] :
    Comparing [1, 5, [], []] and [[6, 4, 7], 2, [6, 5, 7], 4] :
      Comparing 1 and [6, 4, 7] :
        Comparing [1] and [6, 4, 7] :
          Comparing 1 and 6 :
          1 is smaller than 6
Right order
--------------Paire 58------------
--------------Paire 58------------
--------------Paire 58------------
[[[10, [4, 10], 2, 6]]]
[[[9, 6], [5, 9], [6, 7, [2, 1, 10, 0, 4], 6, 3]], []]
Comparing [[[10, [4, 10], 2, 6]]] and [[[9, 6], [5, 9], [6, 7, [2, 1, 10, 0, 4], 6, 3]], []] :
  Comparing [[10, [4, 10], 2, 6]] and [[9, 6], [5, 9], [6, 7, [2, 1, 10, 0, 4], 6, 3]] :
    Comparing [10, [4, 10], 2, 6] and [9, 6] :
      Comparing 10 and 9 :
      10 is greater than 9
Wrong order
--------------Paire 59------------
--------------Paire 59------------
--------------Paire 59------------
[[2, 6, 2, [2, 2, 6, 9]], [9, [], 4, [3]], [6, 8], [8]]
[[[1], 0], [], [[[1, 0, 0, 4, 5], [5], 10, [3, 4]], 8]]
Comparing [[2, 6, 2, [2, 2, 6, 9]], [9, [], 4, [3]], [6, 8], [8]] and [[[1], 0], [], [[[1, 0, 0, 4, 5], [5], 10, [3, 4]], 8]] :
  Comparing [2, 6, 2, [2, 2, 6, 9]] and [[1], 0] :
    Comparing 2 and [1] :
      Comparing [2] and [1] :
        Comparing 2 and 1 :
        2 is greater than 1
Wrong order
--------------Paire 60------------
--------------Paire 60------------
--------------Paire 60------------
[[9], [4], [[]], [8]]
[[3, 5, 1, [1], [5, [1, 7, 2, 10]]], []]
Comparing [[9], [4], [[]], [8]] and [[3, 5, 1, [1], [5, [1, 7, 2, 10]]], []] :
  Comparing [9] and [3, 5, 1, [1], [5, [1, 7, 2, 10]]] :
    Comparing 9 and 3 :
    9 is greater than 3
Wrong order
--------------Paire 61------------
--------------Paire 61------------
--------------Paire 61------------
[[], [[1, [0, 8, 5, 10], 5, [9]]], [3, [3, 1, 6, 10, 8], 0, 1, [4, 4]], [7, 1, 8, 9], [7, [[], [0, 1, 1, 1], 5], 5, [], [[], []]]]
[[6, [[1], 7, 2, [6, 4, 10, 5]], [8, [3], 9]], [[[0, 2, 3, 9, 6], 4], [], 1, 2, [[4, 9, 2, 7], 2, [1, 8, 1, 10, 9], 0, 5]], [3, 7, 1]]
Comparing [[], [[1, [0, 8, 5, 10], 5, [9]]], [3, [3, 1, 6, 10, 8], 0, 1, [4, 4]], [7, 1, 8, 9], [7, [[], [0, 1, 1, 1], 5], 5, [], [[], []]]] and [[6, [[1], 7, 2, [6, 4, 10, 5]], [8, [3], 9]], [[[0, 2, 3, 9, 6], 4], [], 1, 2, [[4, 9, 2, 7], 2, [1, 8, 1, 10, 9], 0, 5]], [3, 7, 1]] :
  Comparing [] and [6, [[1], 7, 2, [6, 4, 10, 5]], [8, [3], 9]] :
  Left side ran out of items
Right order
--------------Paire 62------------
--------------Paire 62------------
--------------Paire 62------------
[[[0, [6, 10, 3, 10, 9], 8, 4, [6, 1, 4, 8]]], [[[1, 4, 6, 4]], 3, [], 3], [10, []]]
[[], [6, [], 9], [2, 6, [3, 0, [7, 10, 1, 6], 5], [[4, 5]]]]
Comparing [[[0, [6, 10, 3, 10, 9], 8, 4, [6, 1, 4, 8]]], [[[1, 4, 6, 4]], 3, [], 3], [10, []]] and [[], [6, [], 9], [2, 6, [3, 0, [7, 10, 1, 6], 5], [[4, 5]]]] :
  Comparing [[0, [6, 10, 3, 10, 9], 8, 4, [6, 1, 4, 8]]] and [] :
  Right side ran out of items
Wrong order
--------------Paire 63------------
--------------Paire 63------------
--------------Paire 63------------
[[6, 4, [], [[10, 10], 8, 5, 2]], [8, [7, 3, 10], 3, 2, []], [8]]
[[7, [7, 1, [4, 2]], [], [6, [0, 10], 5, [4, 3, 3], [2, 4]], []], [[[10], [3, 0, 3, 8, 10], [4, 1, 10], [1, 10, 7, 5, 9]], 0, 8], [], [1]]
Comparing [[6, 4, [], [[10, 10], 8, 5, 2]], [8, [7, 3, 10], 3, 2, []], [8]] and [[7, [7, 1, [4, 2]], [], [6, [0, 10], 5, [4, 3, 3], [2, 4]], []], [[[10], [3, 0, 3, 8, 10], [4, 1, 10], [1, 10, 7, 5, 9]], 0, 8], [], [1]] :
  Comparing [6, 4, [], [[10, 10], 8, 5, 2]] and [7, [7, 1, [4, 2]], [], [6, [0, 10], 5, [4, 3, 3], [2, 4]], []] :
    Comparing 6 and 7 :
    6 is smaller than 7
Right order
--------------Paire 64------------
--------------Paire 64------------
--------------Paire 64------------
[[8, 6, 6, [5, 4, [1, 0, 4, 10, 5]], 9], [[0, 10, [], [0, 10]], [10]]]
[[], [[9, [10, 6, 4], 4, [8, 1, 10, 0]], 6, [[2, 9, 5, 1, 1], 10, 8, []]], [[4, [10], [6, 0, 9, 2], [2, 4], 6]]]
Comparing [[8, 6, 6, [5, 4, [1, 0, 4, 10, 5]], 9], [[0, 10, [], [0, 10]], [10]]] and [[], [[9, [10, 6, 4], 4, [8, 1, 10, 0]], 6, [[2, 9, 5, 1, 1], 10, 8, []]], [[4, [10], [6, 0, 9, 2], [2, 4], 6]]] :
  Comparing [8, 6, 6, [5, 4, [1, 0, 4, 10, 5]], 9] and [] :
  Right side ran out of items
Wrong order
--------------Paire 65------------
--------------Paire 65------------
--------------Paire 65------------
[[[1, 8, [10, 4], [10, 2]], [[8], 1, []], [[3, 6, 3], [], 7, [7, 4]], 7, [5, [3, 10], 4]], [[[4, 10, 4]], [6, [10, 9], 2, [5, 4], [9, 1, 4, 0, 7]], [[0], 8], 10], [5, 6, 1]]
[[[[4, 6, 2], 2, [2, 9, 10], 10, 5], [[5, 1, 0, 6, 8], [7, 3], [8, 3]], [[9], [], 7], [0, [1, 1, 6, 1]], [[0, 2, 7], [], 7]], [[8], 0], [1, 10, 3], [2, 2], [[2, 0, [], [4], 9], 10, 1, 9, 9]]
Comparing [[[1, 8, [10, 4], [10, 2]], [[8], 1, []], [[3, 6, 3], [], 7, [7, 4]], 7, [5, [3, 10], 4]], [[[4, 10, 4]], [6, [10, 9], 2, [5, 4], [9, 1, 4, 0, 7]], [[0], 8], 10], [5, 6, 1]] and [[[[4, 6, 2], 2, [2, 9, 10], 10, 5], [[5, 1, 0, 6, 8], [7, 3], [8, 3]], [[9], [], 7], [0, [1, 1, 6, 1]], [[0, 2, 7], [], 7]], [[8], 0], [1, 10, 3], [2, 2], [[2, 0, [], [4], 9], 10, 1, 9, 9]] :
  Comparing [[1, 8, [10, 4], [10, 2]], [[8], 1, []], [[3, 6, 3], [], 7, [7, 4]], 7, [5, [3, 10], 4]] and [[[4, 6, 2], 2, [2, 9, 10], 10, 5], [[5, 1, 0, 6, 8], [7, 3], [8, 3]], [[9], [], 7], [0, [1, 1, 6, 1]], [[0, 2, 7], [], 7]] :
    Comparing [1, 8, [10, 4], [10, 2]] and [[4, 6, 2], 2, [2, 9, 10], 10, 5] :
      Comparing 1 and [4, 6, 2] :
        Comparing [1] and [4, 6, 2] :
          Comparing 1 and 4 :
          1 is smaller than 4
Right order
--------------Paire 66------------
--------------Paire 66------------
--------------Paire 66------------
[[[], 5, 7, [10]], [9, [[9]], 7], [0, 1, [[2, 5], 1, []], 2], [8, 3, 0, 9], [[0, []], [[4, 2, 0], 10, 8, [4, 1], []], 1, [7, 9, 8, []]]]
[[[[4, 2, 9, 0]]], [], [8, [], 2, 4], [], [[], 1]]
Comparing [[[], 5, 7, [10]], [9, [[9]], 7], [0, 1, [[2, 5], 1, []], 2], [8, 3, 0, 9], [[0, []], [[4, 2, 0], 10, 8, [4, 1], []], 1, [7, 9, 8, []]]] and [[[[4, 2, 9, 0]]], [], [8, [], 2, 4], [], [[], 1]] :
  Comparing [[], 5, 7, [10]] and [[[4, 2, 9, 0]]] :
    Comparing [] and [[4, 2, 9, 0]] :
    Left side ran out of items
Right order
--------------Paire 67------------
--------------Paire 67------------
--------------Paire 67------------
[[1, 3, [[3, 9], [6, 0, 9, 8]]], [[1, 2, 6, 5], [], 6]]
[[6, [[5, 5, 5], 4, [2, 5, 10], 6]], [[4, [2, 0]], [4, [7, 0, 1, 8, 10], 2, [0], 3], [0, [6, 10, 1, 1]], 10], [], [6]]
Comparing [[1, 3, [[3, 9], [6, 0, 9, 8]]], [[1, 2, 6, 5], [], 6]] and [[6, [[5, 5, 5], 4, [2, 5, 10], 6]], [[4, [2, 0]], [4, [7, 0, 1, 8, 10], 2, [0], 3], [0, [6, 10, 1, 1]], 10], [], [6]] :
  Comparing [1, 3, [[3, 9], [6, 0, 9, 8]]] and [6, [[5, 5, 5], 4, [2, 5, 10], 6]] :
    Comparing 1 and 6 :
    1 is smaller than 6
Right order
--------------Paire 68------------
--------------Paire 68------------
--------------Paire 68------------
[[[4, 7, 2, [3, 7, 7]], [7, [7, 3], [8, 2, 9, 0], 9, [8, 7, 6, 3]], 2, 5, 4], [[[8, 8, 0], 1, [10, 4, 7], [0], [7]], [[], 2, [], 9], 6, [3, [7], 4, 0], [7]]]
[[[[9, 7]], [9, 6], 9], [[8], [9, [0], 6], [1, 7, [2, 5, 0, 5]]], [10, [9, 9], 10, 8, 5], [[], 0]]
Comparing [[[4, 7, 2, [3, 7, 7]], [7, [7, 3], [8, 2, 9, 0], 9, [8, 7, 6, 3]], 2, 5, 4], [[[8, 8, 0], 1, [10, 4, 7], [0], [7]], [[], 2, [], 9], 6, [3, [7], 4, 0], [7]]] and [[[[9, 7]], [9, 6], 9], [[8], [9, [0], 6], [1, 7, [2, 5, 0, 5]]], [10, [9, 9], 10, 8, 5], [[], 0]] :
  Comparing [[4, 7, 2, [3, 7, 7]], [7, [7, 3], [8, 2, 9, 0], 9, [8, 7, 6, 3]], 2, 5, 4] and [[[9, 7]], [9, 6], 9] :
    Comparing [4, 7, 2, [3, 7, 7]] and [[9, 7]] :
      Comparing 4 and [9, 7] :
        Comparing [4] and [9, 7] :
          Comparing 4 and 9 :
          4 is smaller than 9
Right order
--------------Paire 69------------
--------------Paire 69------------
--------------Paire 69------------
[[[], [8]], [6, 7, [[], [8, 4], 7, 5, []]], [], [0, 1, 4, 8, 4]]
[[10, [1, 7, 10], 7, [], 3], [], [], [5], [3, [3, [4, 10, 3, 5, 1], 6, 6], [5, 5, [6, 3, 7, 8, 10], 10]]]
Comparing [[[], [8]], [6, 7, [[], [8, 4], 7, 5, []]], [], [0, 1, 4, 8, 4]] and [[10, [1, 7, 10], 7, [], 3], [], [], [5], [3, [3, [4, 10, 3, 5, 1], 6, 6], [5, 5, [6, 3, 7, 8, 10], 10]]] :
  Comparing [[], [8]] and [10, [1, 7, 10], 7, [], 3] :
    Comparing [] and 10 :
      Comparing [] and [10] :
      Left side ran out of items
Right order
--------------Paire 70------------
--------------Paire 70------------
--------------Paire 70------------
[[4, [[], [8, 2, 4, 2], [6, 8, 10], [], 6]], [[0, 10, 10], [4, [10, 5, 1, 0]], 6]]
[[1, 10, [7, [2], [0, 2, 3, 1, 7]]], [5], [[[5, 10, 6, 4], 4], 2, [2, [2, 3]], [7]]]
Comparing [[4, [[], [8, 2, 4, 2], [6, 8, 10], [], 6]], [[0, 10, 10], [4, [10, 5, 1, 0]], 6]] and [[1, 10, [7, [2], [0, 2, 3, 1, 7]]], [5], [[[5, 10, 6, 4], 4], 2, [2, [2, 3]], [7]]] :
  Comparing [4, [[], [8, 2, 4, 2], [6, 8, 10], [], 6]] and [1, 10, [7, [2], [0, 2, 3, 1, 7]]] :
    Comparing 4 and 1 :
    4 is greater than 1
Wrong order
--------------Paire 71------------
--------------Paire 71------------
--------------Paire 71------------
[[1, 7], [1], [10, 10], [2, 6, [[5, 7, 9, 1, 9], [10, 8, 0], [3, 3], 8, []], []]]
[[5, 3, 7, 1], [[7, 10], [8, [8, 3, 10, 3, 8], [7]], [[10, 3, 2, 0], 3, [3, 10]], 8]]
Comparing [[1, 7], [1], [10, 10], [2, 6, [[5, 7, 9, 1, 9], [10, 8, 0], [3, 3], 8, []], []]] and [[5, 3, 7, 1], [[7, 10], [8, [8, 3, 10, 3, 8], [7]], [[10, 3, 2, 0], 3, [3, 10]], 8]] :
  Comparing [1, 7] and [5, 3, 7, 1] :
    Comparing 1 and 5 :
    1 is smaller than 5
Right order
--------------Paire 72------------
--------------Paire 72------------
--------------Paire 72------------
[[[7]], [[[]], []], [3, 2, 3, [8, 4, [3, 0, 0, 6]]]]
[[2, 8], [[]]]
Comparing [[[7]], [[[]], []], [3, 2, 3, [8, 4, [3, 0, 0, 6]]]] and [[2, 8], [[]]] :
  Comparing [[7]] and [2, 8] :
    Comparing [7] and 2 :
      Comparing [7] and [2] :
        Comparing 7 and 2 :
        7 is greater than 2
Wrong order
--------------Paire 73------------
--------------Paire 73------------
--------------Paire 73------------
[[[], 4, [[], [9, 4, 1, 6, 3], [5, 0]], 4, 9], [[[9, 7], [], [1, 6, 2, 10], [1, 9, 3, 3], []], 8, 3, [2, [], [8, 4], 0, [4, 7, 7]]], [], [5]]
[[[8, 1, 4], [6], [], 1], [10, 5]]
Comparing [[[], 4, [[], [9, 4, 1, 6, 3], [5, 0]], 4, 9], [[[9, 7], [], [1, 6, 2, 10], [1, 9, 3, 3], []], 8, 3, [2, [], [8, 4], 0, [4, 7, 7]]], [], [5]] and [[[8, 1, 4], [6], [], 1], [10, 5]] :
  Comparing [[], 4, [[], [9, 4, 1, 6, 3], [5, 0]], 4, 9] and [[8, 1, 4], [6], [], 1] :
    Comparing [] and [8, 1, 4] :
    Left side ran out of items
Right order
--------------Paire 74------------
--------------Paire 74------------
--------------Paire 74------------
[[[9, [2, 8], [3], [3, 6, 9, 9], 8], [[7, 0, 10, 5], 4], 8, 1, 9], [[7, [], [9, 8, 1, 2, 5], [5, 0, 0]], 5, [], 9]]
[[[[5, 1, 4], 8, []], 8, []], [3, 8, 9, [[7, 9], [5, 8], [0], 3, [5, 3]], 9], [7, [5]]]
Comparing [[[9, [2, 8], [3], [3, 6, 9, 9], 8], [[7, 0, 10, 5], 4], 8, 1, 9], [[7, [], [9, 8, 1, 2, 5], [5, 0, 0]], 5, [], 9]] and [[[[5, 1, 4], 8, []], 8, []], [3, 8, 9, [[7, 9], [5, 8], [0], 3, [5, 3]], 9], [7, [5]]] :
  Comparing [[9, [2, 8], [3], [3, 6, 9, 9], 8], [[7, 0, 10, 5], 4], 8, 1, 9] and [[[5, 1, 4], 8, []], 8, []] :
    Comparing [9, [2, 8], [3], [3, 6, 9, 9], 8] and [[5, 1, 4], 8, []] :
      Comparing 9 and [5, 1, 4] :
        Comparing [9] and [5, 1, 4] :
          Comparing 9 and 5 :
          9 is greater than 5
Wrong order
--------------Paire 75------------
--------------Paire 75------------
--------------Paire 75------------
[[4, 5], [], [[9, [3, 0, 3], 5], [], 8], [[], [9, 0]]]
[[], [], [], [], [0, 4, [[1], [8], [3, 8, 7, 4, 7], [0, 7, 3, 8]], 8, [6, [9]]]]
Comparing [[4, 5], [], [[9, [3, 0, 3], 5], [], 8], [[], [9, 0]]] and [[], [], [], [], [0, 4, [[1], [8], [3, 8, 7, 4, 7], [0, 7, 3, 8]], 8, [6, [9]]]] :
  Comparing [4, 5] and [] :
  Right side ran out of items
Wrong order
--------------Paire 76------------
--------------Paire 76------------
--------------Paire 76------------
[[], [[[1], [4, 5, 9], []], 10, [0, [6, 1], [0, 0, 7, 0, 5], 6], [3, 8, 9, [7]]], [7, 3], [5, [[], 10, 10], [[2, 0, 8, 0], 9, [10]], 0], [7]]
[[6, 9], [], [[[2, 3, 1], 10, 6], [[3, 9], [10, 6], 4, 10]], [], []]
Comparing [[], [[[1], [4, 5, 9], []], 10, [0, [6, 1], [0, 0, 7, 0, 5], 6], [3, 8, 9, [7]]], [7, 3], [5, [[], 10, 10], [[2, 0, 8, 0], 9, [10]], 0], [7]] and [[6, 9], [], [[[2, 3, 1], 10, 6], [[3, 9], [10, 6], 4, 10]], [], []] :
  Comparing [] and [6, 9] :
  Left side ran out of items
Right order
--------------Paire 77------------
--------------Paire 77------------
--------------Paire 77------------
[[2, 3, [3, 9, 9]]]
[[], [[[3, 10, 4, 10, 4], [0, 4, 5], 3, [10], []], 0, 7]]
Comparing [[2, 3, [3, 9, 9]]] and [[], [[[3, 10, 4, 10, 4], [0, 4, 5], 3, [10], []], 0, 7]] :
  Comparing [2, 3, [3, 9, 9]] and [] :
  Right side ran out of items
Wrong order
--------------Paire 78------------
--------------Paire 78------------
--------------Paire 78------------
[[], [], [[[8, 1, 2, 1], 2, [6, 8, 7, 1, 10]]]]
[[[[4, 10, 5], 8, 1]], [10, 9, [[3, 10], [8, 5, 0], 1, 8]], [3, 7, [4, 9, [0, 7, 5, 7], [8]]], [6, 3, 9, 10], []]
Comparing [[], [], [[[8, 1, 2, 1], 2, [6, 8, 7, 1, 10]]]] and [[[[4, 10, 5], 8, 1]], [10, 9, [[3, 10], [8, 5, 0], 1, 8]], [3, 7, [4, 9, [0, 7, 5, 7], [8]]], [6, 3, 9, 10], []] :
  Comparing [] and [[[4, 10, 5], 8, 1]] :
  Left side ran out of items
Right order
--------------Paire 79------------
--------------Paire 79------------
--------------Paire 79------------
[[7], [[[0], 7], [0, [3], [], [7, 0], [1]], 6], [5, [[7, 2, 0], 6, 1, [0]], 2, 10]]
[[0, [[3, 0, 8, 6], [], []], [8, 0, 2], 1], [[[], [5, 8, 10, 2], 1, 5], 4, [2, [5, 7, 7, 1, 8], 10], [8, 9, [8, 0, 9, 9, 5], 5, [8, 6, 9]], [[8, 0, 1, 5], 5, 7, 1]]]
Comparing [[7], [[[0], 7], [0, [3], [], [7, 0], [1]], 6], [5, [[7, 2, 0], 6, 1, [0]], 2, 10]] and [[0, [[3, 0, 8, 6], [], []], [8, 0, 2], 1], [[[], [5, 8, 10, 2], 1, 5], 4, [2, [5, 7, 7, 1, 8], 10], [8, 9, [8, 0, 9, 9, 5], 5, [8, 6, 9]], [[8, 0, 1, 5], 5, 7, 1]]] :
  Comparing [7] and [0, [[3, 0, 8, 6], [], []], [8, 0, 2], 1] :
    Comparing 7 and 0 :
    7 is greater than 0
Wrong order
--------------Paire 80------------
--------------Paire 80------------
--------------Paire 80------------
[[6, [[3, 10, 0], [5, 9, 5, 7, 5], [9, 1, 2, 8, 6], [5, 4, 5, 7], 8], [2, 5], 4, [[1]]], []]
[[[], 6, 7, 0, [[]]], [0, 10, 0, [[6, 7, 5, 6], 7, [], [10, 8, 5, 4, 10]], [6]], [[9, 5, 4], 6, [[10, 4]], 4], [9, [5, 0, 8, [9], 2]], [9, [2, [1, 5], 10, [2, 7], [5, 2, 4, 4]]]]
Comparing [[6, [[3, 10, 0], [5, 9, 5, 7, 5], [9, 1, 2, 8, 6], [5, 4, 5, 7], 8], [2, 5], 4, [[1]]], []] and [[[], 6, 7, 0, [[]]], [0, 10, 0, [[6, 7, 5, 6], 7, [], [10, 8, 5, 4, 10]], [6]], [[9, 5, 4], 6, [[10, 4]], 4], [9, [5, 0, 8, [9], 2]], [9, [2, [1, 5], 10, [2, 7], [5, 2, 4, 4]]]] :
  Comparing [6, [[3, 10, 0], [5, 9, 5, 7, 5], [9, 1, 2, 8, 6], [5, 4, 5, 7], 8], [2, 5], 4, [[1]]] and [[], 6, 7, 0, [[]]] :
    Comparing 6 and [] :
      Comparing [6] and [] :
      Right side ran out of items
Wrong order
--------------Paire 81------------
--------------Paire 81------------
--------------Paire 81------------
[[10], [[[5, 2, 7, 5], 0, 9, 7, 8], 8, [1, 6, [0, 5, 0, 8, 2], [0]], 4]]
[[], [8], [1], [[[8, 10], [3, 0, 1, 8], 4, 7], [9, [3, 9], [1, 2, 9, 5, 4]], 8, [2, 5, [2], []], [9, 8, [5]]]]
Comparing [[10], [[[5, 2, 7, 5], 0, 9, 7, 8], 8, [1, 6, [0, 5, 0, 8, 2], [0]], 4]] and [[], [8], [1], [[[8, 10], [3, 0, 1, 8], 4, 7], [9, [3, 9], [1, 2, 9, 5, 4]], 8, [2, 5, [2], []], [9, 8, [5]]]] :
  Comparing [10] and [] :
  Right side ran out of items
Wrong order
--------------Paire 82------------
--------------Paire 82------------
--------------Paire 82------------
[9, 5, 0, 3]
[9, 5, 0, 3, 4]
Comparing [9, 5, 0, 3] and [9, 5, 0, 3, 4] :
  Comparing 9 and 9 :
  9 is equal to 9
  Comparing 5 and 5 :
  5 is equal to 5
  Comparing 0 and 0 :
  0 is equal to 0
  Comparing 3 and 3 :
  3 is equal to 3
Left side ran out of items
Right order
--------------Paire 83------------
--------------Paire 83------------
--------------Paire 83------------
[[4], [0, 10, 8, 10], [10, []], [[[3, 9, 4], [9, 1, 3, 6, 9], 7, [9]], [4, [4, 8, 8], [6, 6]]], []]
[[[[4]], 6, [8, [0, 5, 2, 10], 4, [5, 9]]], [[0, [6, 1, 6]], 8, 10], [[3, 2, [], 6], [0, 7, 4, 7, 8], 0], [6]]
Comparing [[4], [0, 10, 8, 10], [10, []], [[[3, 9, 4], [9, 1, 3, 6, 9], 7, [9]], [4, [4, 8, 8], [6, 6]]], []] and [[[[4]], 6, [8, [0, 5, 2, 10], 4, [5, 9]]], [[0, [6, 1, 6]], 8, 10], [[3, 2, [], 6], [0, 7, 4, 7, 8], 0], [6]] :
  Comparing [4] and [[[4]], 6, [8, [0, 5, 2, 10], 4, [5, 9]]] :
    Comparing 4 and [[4]] :
      Comparing [4] and [[4]] :
        Comparing 4 and [4] :
          Comparing [4] and [4] :
            Comparing 4 and 4 :
            4 is equal to 4
          Lists are equal
      Lists are equal
  Left side ran out of items
Right order
--------------Paire 84------------
--------------Paire 84------------
--------------Paire 84------------
[[4], []]
[[[[8, 8, 6, 1], 7], [[3], [1, 10, 1, 9], 5, 9], 2, 2]]
Comparing [[4], []] and [[[[8, 8, 6, 1], 7], [[3], [1, 10, 1, 9], 5, 9], 2, 2]] :
  Comparing [4] and [[[8, 8, 6, 1], 7], [[3], [1, 10, 1, 9], 5, 9], 2, 2] :
    Comparing 4 and [[8, 8, 6, 1], 7] :
      Comparing [4] and [[8, 8, 6, 1], 7] :
        Comparing 4 and [8, 8, 6, 1] :
          Comparing [4] and [8, 8, 6, 1] :
            Comparing 4 and 8 :
            4 is smaller than 8
Right order
--------------Paire 85------------
--------------Paire 85------------
--------------Paire 85------------
[[7]]
[[[8, 1, 0], [], [], 6], [10, 9, 5, 7], [6, [[], [10, 7, 3]]]]
Comparing [[7]] and [[[8, 1, 0], [], [], 6], [10, 9, 5, 7], [6, [[], [10, 7, 3]]]] :
  Comparing [7] and [[8, 1, 0], [], [], 6] :
    Comparing 7 and [8, 1, 0] :
      Comparing [7] and [8, 1, 0] :
        Comparing 7 and 8 :
        7 is smaller than 8
Right order
--------------Paire 86------------
--------------Paire 86------------
--------------Paire 86------------
[[[10]]]
[[], [[[3, 8, 3, 1, 9], [1, 6, 10, 8], 8, 3]], [[5, 7]], [9, [], 5, [5, [0], 10, [7, 9, 2], [1, 9, 8]]], []]
Comparing [[[10]]] and [[], [[[3, 8, 3, 1, 9], [1, 6, 10, 8], 8, 3]], [[5, 7]], [9, [], 5, [5, [0], 10, [7, 9, 2], [1, 9, 8]]], []] :
  Comparing [[10]] and [] :
  Right side ran out of items
Wrong order
--------------Paire 87------------
--------------Paire 87------------
--------------Paire 87------------
[[[], [1, [9], [10, 9], [8, 1], 0], [], 1, 6], [[9], 8, [[3, 9], [3, 7], 2], 3, [[0, 9, 1], 4]], [], [[[0, 1, 7, 5], 5, [9, 5, 9]]]]
[[10, 5, 3, 3, 1], [[3, [0, 2, 8, 4]], 3, [1]], [], [[], 5, 8, 4, 1]]
Comparing [[[], [1, [9], [10, 9], [8, 1], 0], [], 1, 6], [[9], 8, [[3, 9], [3, 7], 2], 3, [[0, 9, 1], 4]], [], [[[0, 1, 7, 5], 5, [9, 5, 9]]]] and [[10, 5, 3, 3, 1], [[3, [0, 2, 8, 4]], 3, [1]], [], [[], 5, 8, 4, 1]] :
  Comparing [[], [1, [9], [10, 9], [8, 1], 0], [], 1, 6] and [10, 5, 3, 3, 1] :
    Comparing [] and 10 :
      Comparing [] and [10] :
      Left side ran out of items
Right order
--------------Paire 88------------
--------------Paire 88------------
--------------Paire 88------------
[[], [1], [[]]]
[[[[]], 2, [7, 3, 8, []], [9, [0], [4], 6, 9], 0], [6, 6, 3], [[[2, 3, 0, 0]], [[8], [5], 10, 4], 3]]
Comparing [[], [1], [[]]] and [[[[]], 2, [7, 3, 8, []], [9, [0], [4], 6, 9], 0], [6, 6, 3], [[[2, 3, 0, 0]], [[8], [5], 10, 4], 3]] :
  Comparing [] and [[[]], 2, [7, 3, 8, []], [9, [0], [4], 6, 9], 0] :
  Left side ran out of items
Right order
--------------Paire 89------------
--------------Paire 89------------
--------------Paire 89------------
[[6, [[1, 6, 2], [4, 0, 6, 7], 8], 9, 2, [1]], [9, 10, 10], [1, 3, 9]]
[[[8, [9, 1, 10, 7, 8], [4, 1, 6, 8]], [[], [3, 1, 2], 2, 1, 4], [[5, 6], [7, 5], 4, 2], 10, 9], [[[4, 5, 9, 7, 7]], [[0, 8, 1, 0], 9, [9, 3, 8, 4, 1], [4, 2, 10], [9, 4, 5, 8, 4]]], [5, 0], [0, []], []]
Comparing [[6, [[1, 6, 2], [4, 0, 6, 7], 8], 9, 2, [1]], [9, 10, 10], [1, 3, 9]] and [[[8, [9, 1, 10, 7, 8], [4, 1, 6, 8]], [[], [3, 1, 2], 2, 1, 4], [[5, 6], [7, 5], 4, 2], 10, 9], [[[4, 5, 9, 7, 7]], [[0, 8, 1, 0], 9, [9, 3, 8, 4, 1], [4, 2, 10], [9, 4, 5, 8, 4]]], [5, 0], [0, []], []] :
  Comparing [6, [[1, 6, 2], [4, 0, 6, 7], 8], 9, 2, [1]] and [[8, [9, 1, 10, 7, 8], [4, 1, 6, 8]], [[], [3, 1, 2], 2, 1, 4], [[5, 6], [7, 5], 4, 2], 10, 9] :
    Comparing 6 and [8, [9, 1, 10, 7, 8], [4, 1, 6, 8]] :
      Comparing [6] and [8, [9, 1, 10, 7, 8], [4, 1, 6, 8]] :
        Comparing 6 and 8 :
        6 is smaller than 8
Right order
--------------Paire 90------------
--------------Paire 90------------
--------------Paire 90------------
[[[[], [3, 7, 10, 3, 4], 2], [10, [], [7, 6, 3], 4, 10], [[1, 1, 4, 10], [4, 3, 0, 4], 4]], [[], [0, 4]], [9, 4, 9, []], [0, 5, [0, 5, [], 4], [[9, 4], [5, 10, 9, 1], 10, 9, [7]], 4]]
[[[], 5, [6, [7, 10], [8, 9, 6], 6, 4]], [], [], [[0, [3, 0, 10, 7, 9], [4], [3, 9]]]]
Comparing [[[[], [3, 7, 10, 3, 4], 2], [10, [], [7, 6, 3], 4, 10], [[1, 1, 4, 10], [4, 3, 0, 4], 4]], [[], [0, 4]], [9, 4, 9, []], [0, 5, [0, 5, [], 4], [[9, 4], [5, 10, 9, 1], 10, 9, [7]], 4]] and [[[], 5, [6, [7, 10], [8, 9, 6], 6, 4]], [], [], [[0, [3, 0, 10, 7, 9], [4], [3, 9]]]] :
  Comparing [[[], [3, 7, 10, 3, 4], 2], [10, [], [7, 6, 3], 4, 10], [[1, 1, 4, 10], [4, 3, 0, 4], 4]] and [[], 5, [6, [7, 10], [8, 9, 6], 6, 4]] :
    Comparing [[], [3, 7, 10, 3, 4], 2] and [] :
    Right side ran out of items
Wrong order
--------------Paire 91------------
--------------Paire 91------------
--------------Paire 91------------
[[[10, [], 10, [1], 4]], [8]]
[[8, 5, 7, 6], []]
Comparing [[[10, [], 10, [1], 4]], [8]] and [[8, 5, 7, 6], []] :
  Comparing [[10, [], 10, [1], 4]] and [8, 5, 7, 6] :
    Comparing [10, [], 10, [1], 4] and 8 :
      Comparing [10, [], 10, [1], 4] and [8] :
        Comparing 10 and 8 :
        10 is greater than 8
Wrong order
--------------Paire 92------------
--------------Paire 92------------
--------------Paire 92------------
[[[[6, 7, 3, 8]], [[4, 8, 7, 3, 5], 10, 4], [[3], [8, 8], [8, 10], [9]], 10, 8], [0], []]
[[[4, 5, 6, [6, 8, 6, 9]]]]
Comparing [[[[6, 7, 3, 8]], [[4, 8, 7, 3, 5], 10, 4], [[3], [8, 8], [8, 10], [9]], 10, 8], [0], []] and [[[4, 5, 6, [6, 8, 6, 9]]]] :
  Comparing [[[6, 7, 3, 8]], [[4, 8, 7, 3, 5], 10, 4], [[3], [8, 8], [8, 10], [9]], 10, 8] and [[4, 5, 6, [6, 8, 6, 9]]] :
    Comparing [[6, 7, 3, 8]] and [4, 5, 6, [6, 8, 6, 9]] :
      Comparing [6, 7, 3, 8] and 4 :
        Comparing [6, 7, 3, 8] and [4] :
          Comparing 6 and 4 :
          6 is greater than 4
Wrong order
--------------Paire 93------------
--------------Paire 93------------
--------------Paire 93------------
[[[], [[8], 0, 4], 10, [], [3, 6, 2, 3, [3, 1, 3, 2]]]]
[[[6], []], [[4, 3, 7, [1]], 5, [5, 3, 1, [2], 5]], [[3], [[3, 0, 4, 6], [4, 0, 7], 2, [0, 2, 7]]], [1]]
Comparing [[[], [[8], 0, 4], 10, [], [3, 6, 2, 3, [3, 1, 3, 2]]]] and [[[6], []], [[4, 3, 7, [1]], 5, [5, 3, 1, [2], 5]], [[3], [[3, 0, 4, 6], [4, 0, 7], 2, [0, 2, 7]]], [1]] :
  Comparing [[], [[8], 0, 4], 10, [], [3, 6, 2, 3, [3, 1, 3, 2]]] and [[6], []] :
    Comparing [] and [6] :
    Left side ran out of items
Right order
--------------Paire 94------------
--------------Paire 94------------
--------------Paire 94------------
[[9, 4, 3, 9, 3], [[[0, 0, 9, 3]], 10, [2], 3], [[[8, 0]], 7, [[]]], [7, [[8, 0], [10, 10, 4], 4], [10, [1, 1], [6, 2, 8, 9, 4]], 4, [4, 6, [8, 8, 4, 4, 2], [3, 4, 1, 9], 10]], []]
[[9], [], [5], [[0, 6, [], 6, 6], 10, 3], [[]]]
Comparing [[9, 4, 3, 9, 3], [[[0, 0, 9, 3]], 10, [2], 3], [[[8, 0]], 7, [[]]], [7, [[8, 0], [10, 10, 4], 4], [10, [1, 1], [6, 2, 8, 9, 4]], 4, [4, 6, [8, 8, 4, 4, 2], [3, 4, 1, 9], 10]], []] and [[9], [], [5], [[0, 6, [], 6, 6], 10, 3], [[]]] :
  Comparing [9, 4, 3, 9, 3] and [9] :
    Comparing 9 and 9 :
    9 is equal to 9
  Right side ran out of items
Wrong order
--------------Paire 95------------
--------------Paire 95------------
--------------Paire 95------------
[[[[0, 1, 7, 2, 6], [3]]], [[[3, 10, 10], 0, 6]], [[[8, 3, 3, 0, 0]], [[7, 8, 1], [], [0, 10, 3], [10, 1, 7]], 5, [[3, 3, 5, 5, 4], 1, 2, 3], [8, 5]], [1, 2, 1, 6, 0], []]
[[], [], [5, 7, [], 6, 0], []]
Comparing [[[[0, 1, 7, 2, 6], [3]]], [[[3, 10, 10], 0, 6]], [[[8, 3, 3, 0, 0]], [[7, 8, 1], [], [0, 10, 3], [10, 1, 7]], 5, [[3, 3, 5, 5, 4], 1, 2, 3], [8, 5]], [1, 2, 1, 6, 0], []] and [[], [], [5, 7, [], 6, 0], []] :
  Comparing [[[0, 1, 7, 2, 6], [3]]] and [] :
  Right side ran out of items
Wrong order
--------------Paire 96------------
--------------Paire 96------------
--------------Paire 96------------
[[[], 4, 7], [[[7, 2, 4, 7], [4, 10, 8, 8], 9], [4]], [10], [10, [0], [[10, 4, 0, 0, 7]]], [9, [[3], 10], [[8, 0], [], 7], 8, [[10, 10], 6, [], [10, 1, 1, 1]]]]
[[[], [], 2]]
Comparing [[[], 4, 7], [[[7, 2, 4, 7], [4, 10, 8, 8], 9], [4]], [10], [10, [0], [[10, 4, 0, 0, 7]]], [9, [[3], 10], [[8, 0], [], 7], 8, [[10, 10], 6, [], [10, 1, 1, 1]]]] and [[[], [], 2]] :
  Comparing [[], 4, 7] and [[], [], 2] :
    Comparing [] and [] :
    Lists are equal
    Comparing 4 and [] :
      Comparing [4] and [] :
      Right side ran out of items
Wrong order
--------------Paire 97------------
--------------Paire 97------------
--------------Paire 97------------
[[[3, 8, 6, [5, 5, 0, 5]], 7, 4, [2, [7], [1, 0, 3], 9, 7], [[1, 10], [3], 1]], [], [1, 1, 2], [2, [10, 3]], [9]]
[[2, [5, [5, 2, 7, 7, 10], 1, [4, 10, 2, 0]], 5, [[7, 7], 7, [1, 5, 0, 3, 4]], 2], [[[4]], 2, 4, 9, 8], [10, [], 4, [[8, 10, 8, 2], [1, 10, 9, 3, 10], 10]]]
Comparing [[[3, 8, 6, [5, 5, 0, 5]], 7, 4, [2, [7], [1, 0, 3], 9, 7], [[1, 10], [3], 1]], [], [1, 1, 2], [2, [10, 3]], [9]] and [[2, [5, [5, 2, 7, 7, 10], 1, [4, 10, 2, 0]], 5, [[7, 7], 7, [1, 5, 0, 3, 4]], 2], [[[4]], 2, 4, 9, 8], [10, [], 4, [[8, 10, 8, 2], [1, 10, 9, 3, 10], 10]]] :
  Comparing [[3, 8, 6, [5, 5, 0, 5]], 7, 4, [2, [7], [1, 0, 3], 9, 7], [[1, 10], [3], 1]] and [2, [5, [5, 2, 7, 7, 10], 1, [4, 10, 2, 0]], 5, [[7, 7], 7, [1, 5, 0, 3, 4]], 2] :
    Comparing [3, 8, 6, [5, 5, 0, 5]] and 2 :
      Comparing [3, 8, 6, [5, 5, 0, 5]] and [2] :
        Comparing 3 and 2 :
        3 is greater than 2
Wrong order
--------------Paire 98------------
--------------Paire 98------------
--------------Paire 98------------
[[[1], [], [[3, 4], 9, [2], [9, 10, 2, 2], [8, 8, 2]]], [7, [3], 0]]
[[4], [6, 2], [6, 8], [4]]
Comparing [[[1], [], [[3, 4], 9, [2], [9, 10, 2, 2], [8, 8, 2]]], [7, [3], 0]] and [[4], [6, 2], [6, 8], [4]] :
  Comparing [[1], [], [[3, 4], 9, [2], [9, 10, 2, 2], [8, 8, 2]]] and [4] :
    Comparing [1] and 4 :
      Comparing [1] and [4] :
        Comparing 1 and 4 :
        1 is smaller than 4
Right order
--------------Paire 99------------
--------------Paire 99------------
--------------Paire 99------------
[[[[3]], [[10, 4, 0, 4, 10], 6], [5, [2], 4], [10, 3, [1, 5, 1]]]]
[[0, [10, 0], [10, 5], [[2, 2, 5], 5, [1]], [[3, 0, 0], [9, 8, 0], 7, 4]], [[], [5, 2], [], 0]]
Comparing [[[[3]], [[10, 4, 0, 4, 10], 6], [5, [2], 4], [10, 3, [1, 5, 1]]]] and [[0, [10, 0], [10, 5], [[2, 2, 5], 5, [1]], [[3, 0, 0], [9, 8, 0], 7, 4]], [[], [5, 2], [], 0]] :
  Comparing [[[3]], [[10, 4, 0, 4, 10], 6], [5, [2], 4], [10, 3, [1, 5, 1]]] and [0, [10, 0], [10, 5], [[2, 2, 5], 5, [1]], [[3, 0, 0], [9, 8, 0], 7, 4]] :
    Comparing [[3]] and 0 :
      Comparing [[3]] and [0] :
        Comparing [3] and 0 :
          Comparing [3] and [0] :
            Comparing 3 and 0 :
            3 is greater than 0
Wrong order
--------------Paire 100------------
--------------Paire 100------------
--------------Paire 100------------
[[[[10, 5, 8, 8, 0], [7, 7], 5, 7, 10], 2, [[4], [2], [2], [2, 9, 7], [4, 5, 8]], 4, 2], [[[3, 5, 2]], 4]]
[[1, 0], [[]]]
Comparing [[[[10, 5, 8, 8, 0], [7, 7], 5, 7, 10], 2, [[4], [2], [2], [2, 9, 7], [4, 5, 8]], 4, 2], [[[3, 5, 2]], 4]] and [[1, 0], [[]]] :
  Comparing [[[10, 5, 8, 8, 0], [7, 7], 5, 7, 10], 2, [[4], [2], [2], [2, 9, 7], [4, 5, 8]], 4, 2] and [1, 0] :
    Comparing [[10, 5, 8, 8, 0], [7, 7], 5, 7, 10] and 1 :
      Comparing [[10, 5, 8, 8, 0], [7, 7], 5, 7, 10] and [1] :
        Comparing [10, 5, 8, 8, 0] and 1 :
          Comparing [10, 5, 8, 8, 0] and [1] :
            Comparing 10 and 1 :
            10 is greater than 1
Wrong order
--------------Paire 101------------
--------------Paire 101------------
--------------Paire 101------------
[[8, [1, [4], 3, [9, 7, 10]], [], 2, 3], [], [], [], [9, 4, 9, 4, []]]
[[[9, [6, 0, 5], [5, 9, 2], 6], 8, [3, 10, 10, [], [4, 4, 1, 3]], [0, 4, 0, [2, 0]]]]
Comparing [[8, [1, [4], 3, [9, 7, 10]], [], 2, 3], [], [], [], [9, 4, 9, 4, []]] and [[[9, [6, 0, 5], [5, 9, 2], 6], 8, [3, 10, 10, [], [4, 4, 1, 3]], [0, 4, 0, [2, 0]]]] :
  Comparing [8, [1, [4], 3, [9, 7, 10]], [], 2, 3] and [[9, [6, 0, 5], [5, 9, 2], 6], 8, [3, 10, 10, [], [4, 4, 1, 3]], [0, 4, 0, [2, 0]]] :
    Comparing 8 and [9, [6, 0, 5], [5, 9, 2], 6] :
      Comparing [8] and [9, [6, 0, 5], [5, 9, 2], 6] :
        Comparing 8 and 9 :
        8 is smaller than 9
Right order
--------------Paire 102------------
--------------Paire 102------------
--------------Paire 102------------
[[[[6], 5, 7], 4], [[], [6, [], 2], [[6, 3], 3, [10, 9, 3, 9], 8, 10], [[6, 3], [1], [1, 4, 2], [8, 1]]]]
[[[[7, 4, 1], 10, [], [], 5], [[8], [], [3, 4, 8, 6, 6], 0, 0], [[], 8, [1, 5, 0, 7, 5]]], [[[7, 5, 1, 9, 8], [3, 4, 0, 0, 8]], 8, [[6, 9, 3, 1, 10], 4]]]
Comparing [[[[6], 5, 7], 4], [[], [6, [], 2], [[6, 3], 3, [10, 9, 3, 9], 8, 10], [[6, 3], [1], [1, 4, 2], [8, 1]]]] and [[[[7, 4, 1], 10, [], [], 5], [[8], [], [3, 4, 8, 6, 6], 0, 0], [[], 8, [1, 5, 0, 7, 5]]], [[[7, 5, 1, 9, 8], [3, 4, 0, 0, 8]], 8, [[6, 9, 3, 1, 10], 4]]] :
  Comparing [[[6], 5, 7], 4] and [[[7, 4, 1], 10, [], [], 5], [[8], [], [3, 4, 8, 6, 6], 0, 0], [[], 8, [1, 5, 0, 7, 5]]] :
    Comparing [[6], 5, 7] and [[7, 4, 1], 10, [], [], 5] :
      Comparing [6] and [7, 4, 1] :
        Comparing 6 and 7 :
        6 is smaller than 7
Right order
--------------Paire 103------------
--------------Paire 103------------
--------------Paire 103------------
[[[1, [4], 8], 10], [], [[[10, 6], [2], 0], 9, 2, [[1], [3, 9, 1, 4], [0, 5, 4]]], [[[2], [8, 9, 10, 3], 1, 0, [4, 1, 3]], 2, [[9, 1, 0], [], [0], [9, 6, 3, 7], [8]], 5, 9], []]
[[1, [4, 9, [7]], 9, 4, [10, 1, [5], [4, 1, 5]]]]
Comparing [[[1, [4], 8], 10], [], [[[10, 6], [2], 0], 9, 2, [[1], [3, 9, 1, 4], [0, 5, 4]]], [[[2], [8, 9, 10, 3], 1, 0, [4, 1, 3]], 2, [[9, 1, 0], [], [0], [9, 6, 3, 7], [8]], 5, 9], []] and [[1, [4, 9, [7]], 9, 4, [10, 1, [5], [4, 1, 5]]]] :
  Comparing [[1, [4], 8], 10] and [1, [4, 9, [7]], 9, 4, [10, 1, [5], [4, 1, 5]]] :
    Comparing [1, [4], 8] and 1 :
      Comparing [1, [4], 8] and [1] :
        Comparing 1 and 1 :
        1 is equal to 1
      Right side ran out of items
Wrong order
--------------Paire 104------------
--------------Paire 104------------
--------------Paire 104------------
[[3], [[1, 0, 1], [[5, 6, 4, 10, 1], 8], [[6, 7, 10, 4]], 1], [8, [5, 5], [[2, 4, 7, 2, 1], [10, 6]], 1], [[[5], [8, 1, 3, 2], 3, [0, 10, 10, 10, 8], [3, 4, 0, 5]], 4, 8, 2], [[9, [7, 0], 7]]]
[[[7, 2], 5, [[], 10], 2, [1, [2, 5, 1, 0, 6], 6, 6]], [[1, 4, [6], [9], 1]], []]
Comparing [[3], [[1, 0, 1], [[5, 6, 4, 10, 1], 8], [[6, 7, 10, 4]], 1], [8, [5, 5], [[2, 4, 7, 2, 1], [10, 6]], 1], [[[5], [8, 1, 3, 2], 3, [0, 10, 10, 10, 8], [3, 4, 0, 5]], 4, 8, 2], [[9, [7, 0], 7]]] and [[[7, 2], 5, [[], 10], 2, [1, [2, 5, 1, 0, 6], 6, 6]], [[1, 4, [6], [9], 1]], []] :
  Comparing [3] and [[7, 2], 5, [[], 10], 2, [1, [2, 5, 1, 0, 6], 6, 6]] :
    Comparing 3 and [7, 2] :
      Comparing [3] and [7, 2] :
        Comparing 3 and 7 :
        3 is smaller than 7
Right order
--------------Paire 105------------
--------------Paire 105------------
--------------Paire 105------------
[[], [7, [0, 7], 7, 2, 7]]
[[9, 7, 8, [2], [[9, 3], [7, 9, 6, 6]]], [10, 9]]
Comparing [[], [7, [0, 7], 7, 2, 7]] and [[9, 7, 8, [2], [[9, 3], [7, 9, 6, 6]]], [10, 9]] :
  Comparing [] and [9, 7, 8, [2], [[9, 3], [7, 9, 6, 6]]] :
  Left side ran out of items
Right order
--------------Paire 106------------
--------------Paire 106------------
--------------Paire 106------------
[[3, 9, 5, [], 1]]
[[], [[[8, 1, 3], [7], 8], 0, 10], [], [[2, [2]], 9, 9], [0]]
Comparing [[3, 9, 5, [], 1]] and [[], [[[8, 1, 3], [7], 8], 0, 10], [], [[2, [2]], 9, 9], [0]] :
  Comparing [3, 9, 5, [], 1] and [] :
  Right side ran out of items
Wrong order
--------------Paire 107------------
--------------Paire 107------------
--------------Paire 107------------
[[[], [], [[4, 7, 5], [], 3, [7, 7], 2], []], [], [4, [7, 5, [9, 3], [8, 5], 6]]]
[[[1, [2, 9]], 3], []]
Comparing [[[], [], [[4, 7, 5], [], 3, [7, 7], 2], []], [], [4, [7, 5, [9, 3], [8, 5], 6]]] and [[[1, [2, 9]], 3], []] :
  Comparing [[], [], [[4, 7, 5], [], 3, [7, 7], 2], []] and [[1, [2, 9]], 3] :
    Comparing [] and [1, [2, 9]] :
    Left side ran out of items
Right order
--------------Paire 108------------
--------------Paire 108------------
--------------Paire 108------------
[[7, [5], [[10, 5], [3, 7, 4], 2, [2, 7, 9]]], [[5], 3], [[], 10, 5, 3, [6, 6, 10, 5, 10]], [[2, [1, 4, 0, 8], 1]]]
[[6, 4], [3, []], [[[7, 10], 5, 4], 5], [[4, 10, 4, [0, 9, 0, 5], 8], 7, 2, 3]]
Comparing [[7, [5], [[10, 5], [3, 7, 4], 2, [2, 7, 9]]], [[5], 3], [[], 10, 5, 3, [6, 6, 10, 5, 10]], [[2, [1, 4, 0, 8], 1]]] and [[6, 4], [3, []], [[[7, 10], 5, 4], 5], [[4, 10, 4, [0, 9, 0, 5], 8], 7, 2, 3]] :
  Comparing [7, [5], [[10, 5], [3, 7, 4], 2, [2, 7, 9]]] and [6, 4] :
    Comparing 7 and 6 :
    7 is greater than 6
Wrong order
--------------Paire 109------------
--------------Paire 109------------
--------------Paire 109------------
[[[[6, 8]], [2], [3, [8, 9, 9, 10, 5]], [[9, 2, 2, 5]], [[2, 8, 5, 9], 4, [], [5]]], [7, [[], 5, [2, 3], [6, 3]], 9], [[[4], [0], 2], 10, 10], [9]]
[[], [], [[5, 5, 10, [4, 8, 8]], 4, [[], 7, [7, 6], 5, []]], [[10, [], 1], 3, [[4, 8], [6, 1, 7, 3, 7]], [2, [9, 2]], [9, 7]]]
Comparing [[[[6, 8]], [2], [3, [8, 9, 9, 10, 5]], [[9, 2, 2, 5]], [[2, 8, 5, 9], 4, [], [5]]], [7, [[], 5, [2, 3], [6, 3]], 9], [[[4], [0], 2], 10, 10], [9]] and [[], [], [[5, 5, 10, [4, 8, 8]], 4, [[], 7, [7, 6], 5, []]], [[10, [], 1], 3, [[4, 8], [6, 1, 7, 3, 7]], [2, [9, 2]], [9, 7]]] :
  Comparing [[[6, 8]], [2], [3, [8, 9, 9, 10, 5]], [[9, 2, 2, 5]], [[2, 8, 5, 9], 4, [], [5]]] and [] :
  Right side ran out of items
Wrong order
--------------Paire 110------------
--------------Paire 110------------
--------------Paire 110------------
[[6, [[], [4, 1, 10, 6, 9], 8, [6, 0, 5, 7, 6]], 2], [6, [], 5, [9], 2], []]
[[[[5, 2, 2, 6, 0], 2, 9, [0, 0]]], [[8, [2, 0, 3]], [5, 4, [4], 5]], [[[1, 0, 5, 8, 4], 6, 10, 3, 7], [7, [9, 1, 9, 10, 7], [0, 3], 7, 7], [[1, 10, 0, 5, 0], [3, 5, 0], 5, 5], 2, [1]], [3, 9, 5, [[10, 4, 7, 0, 7], 1, [7, 2], [7, 1]], [[], [10, 10, 5, 0, 8], [], 8, 3]]]
Comparing [[6, [[], [4, 1, 10, 6, 9], 8, [6, 0, 5, 7, 6]], 2], [6, [], 5, [9], 2], []] and [[[[5, 2, 2, 6, 0], 2, 9, [0, 0]]], [[8, [2, 0, 3]], [5, 4, [4], 5]], [[[1, 0, 5, 8, 4], 6, 10, 3, 7], [7, [9, 1, 9, 10, 7], [0, 3], 7, 7], [[1, 10, 0, 5, 0], [3, 5, 0], 5, 5], 2, [1]], [3, 9, 5, [[10, 4, 7, 0, 7], 1, [7, 2], [7, 1]], [[], [10, 10, 5, 0, 8], [], 8, 3]]] :
  Comparing [6, [[], [4, 1, 10, 6, 9], 8, [6, 0, 5, 7, 6]], 2] and [[[5, 2, 2, 6, 0], 2, 9, [0, 0]]] :
    Comparing 6 and [[5, 2, 2, 6, 0], 2, 9, [0, 0]] :
      Comparing [6] and [[5, 2, 2, 6, 0], 2, 9, [0, 0]] :
        Comparing 6 and [5, 2, 2, 6, 0] :
          Comparing [6] and [5, 2, 2, 6, 0] :
            Comparing 6 and 5 :
            6 is greater than 5
Wrong order
--------------Paire 111------------
--------------Paire 111------------
--------------Paire 111------------
[[[4], 3, 1, 10, [[1]]], [2, [[3, 4, 5, 7, 2], [6, 6, 1], [4, 4, 6, 2], [7, 4, 9, 3, 9], 4], []]]
[[4, [[], 3], 9, 7, [[7, 6, 2, 1, 0], [2, 10, 5, 3, 6], 5]], [10], [], [[9, [3], 8, [3, 4, 10, 3, 3], 9]]]
Comparing [[[4], 3, 1, 10, [[1]]], [2, [[3, 4, 5, 7, 2], [6, 6, 1], [4, 4, 6, 2], [7, 4, 9, 3, 9], 4], []]] and [[4, [[], 3], 9, 7, [[7, 6, 2, 1, 0], [2, 10, 5, 3, 6], 5]], [10], [], [[9, [3], 8, [3, 4, 10, 3, 3], 9]]] :
  Comparing [[4], 3, 1, 10, [[1]]] and [4, [[], 3], 9, 7, [[7, 6, 2, 1, 0], [2, 10, 5, 3, 6], 5]] :
    Comparing [4] and 4 :
      Comparing [4] and [4] :
        Comparing 4 and 4 :
        4 is equal to 4
      Lists are equal
    Comparing 3 and [[], 3] :
      Comparing [3] and [[], 3] :
        Comparing 3 and [] :
          Comparing [3] and [] :
          Right side ran out of items
Wrong order
--------------Paire 112------------
--------------Paire 112------------
--------------Paire 112------------
[[], [[[8], 8, [5, 2]], [[9, 0, 9, 1], 7, 1, 8]], [], [[6, [8, 6], 0, [7, 1, 0]], [10, 9, 1, [5, 0, 0, 9, 0]]]]
[[[[], [5, 8, 8, 2, 1], 1], 8, []]]
Comparing [[], [[[8], 8, [5, 2]], [[9, 0, 9, 1], 7, 1, 8]], [], [[6, [8, 6], 0, [7, 1, 0]], [10, 9, 1, [5, 0, 0, 9, 0]]]] and [[[[], [5, 8, 8, 2, 1], 1], 8, []]] :
  Comparing [] and [[[], [5, 8, 8, 2, 1], 1], 8, []] :
  Left side ran out of items
Right order
--------------Paire 113------------
--------------Paire 113------------
--------------Paire 113------------
[[[], [10, [2, 10, 9, 5, 3], 10, 1, [10]], [3], [[]], [[5, 0, 4], []]], [[5, [3, 0, 7, 4], 5, 0], 7, [5, 6, [], [9, 9]], 5, 9]]
[[5, 1, 4, [8]]]
Comparing [[[], [10, [2, 10, 9, 5, 3], 10, 1, [10]], [3], [[]], [[5, 0, 4], []]], [[5, [3, 0, 7, 4], 5, 0], 7, [5, 6, [], [9, 9]], 5, 9]] and [[5, 1, 4, [8]]] :
  Comparing [[], [10, [2, 10, 9, 5, 3], 10, 1, [10]], [3], [[]], [[5, 0, 4], []]] and [5, 1, 4, [8]] :
    Comparing [] and 5 :
      Comparing [] and [5] :
      Left side ran out of items
Right order
--------------Paire 114------------
--------------Paire 114------------
--------------Paire 114------------
[[7, [[10, 4, 0, 9, 2], [], 3, 2]], [[[]], [[5, 3, 3, 8, 9]], 10, 2, 10], [[[5, 5, 0, 2], [0, 9, 7], 9, 10, 0], 4, [[0, 5, 9, 10]], 2, 5], [[[8, 3, 2, 4, 7], 9, [2, 4], 1], [0], [6, 9, [3], 10, [5, 10, 2, 7]], 6, []]]
[[[2, [6, 5], [2, 0], [6, 8, 5]], 1, 5, [[0, 6, 7], 6, 3, 5], 9], [[[2], []], 0, 3], [], [], [6]]
Comparing [[7, [[10, 4, 0, 9, 2], [], 3, 2]], [[[]], [[5, 3, 3, 8, 9]], 10, 2, 10], [[[5, 5, 0, 2], [0, 9, 7], 9, 10, 0], 4, [[0, 5, 9, 10]], 2, 5], [[[8, 3, 2, 4, 7], 9, [2, 4], 1], [0], [6, 9, [3], 10, [5, 10, 2, 7]], 6, []]] and [[[2, [6, 5], [2, 0], [6, 8, 5]], 1, 5, [[0, 6, 7], 6, 3, 5], 9], [[[2], []], 0, 3], [], [], [6]] :
  Comparing [7, [[10, 4, 0, 9, 2], [], 3, 2]] and [[2, [6, 5], [2, 0], [6, 8, 5]], 1, 5, [[0, 6, 7], 6, 3, 5], 9] :
    Comparing 7 and [2, [6, 5], [2, 0], [6, 8, 5]] :
      Comparing [7] and [2, [6, 5], [2, 0], [6, 8, 5]] :
        Comparing 7 and 2 :
        7 is greater than 2
Wrong order
--------------Paire 115------------
--------------Paire 115------------
--------------Paire 115------------
[[[6, 2, [2, 5], []], [2, 1, []], 9, [6, 2, [9, 7, 7, 8], 2, 5]]]
[[5, 7, 0, 7, 3]]
Comparing [[[6, 2, [2, 5], []], [2, 1, []], 9, [6, 2, [9, 7, 7, 8], 2, 5]]] and [[5, 7, 0, 7, 3]] :
  Comparing [[6, 2, [2, 5], []], [2, 1, []], 9, [6, 2, [9, 7, 7, 8], 2, 5]] and [5, 7, 0, 7, 3] :
    Comparing [6, 2, [2, 5], []] and 5 :
      Comparing [6, 2, [2, 5], []] and [5] :
        Comparing 6 and 5 :
        6 is greater than 5
Wrong order
--------------Paire 116------------
--------------Paire 116------------
--------------Paire 116------------
[[[], 6], [5, 6, 5, [], [4, [3, 4, 2, 1]]], []]
[[[]], [[10, 6, 1]], [[[0, 7, 2, 2], 1, 1, 6], 6, 5]]
Comparing [[[], 6], [5, 6, 5, [], [4, [3, 4, 2, 1]]], []] and [[[]], [[10, 6, 1]], [[[0, 7, 2, 2], 1, 1, 6], 6, 5]] :
  Comparing [[], 6] and [[]] :
    Comparing [] and [] :
    Lists are equal
  Right side ran out of items
Wrong order
--------------Paire 117------------
--------------Paire 117------------
--------------Paire 117------------
[[], [], [[0, [1, 5, 1], 6], [4, 3, [9, 10], [3]], [[0, 5, 8, 10, 1], [7, 5, 8, 6, 6], 0, [2, 8, 9, 5]], 2, [[4, 6, 7], 0, 1]], [2, 4, [], 0, 2]]
[[0, [5, [5, 7, 6], 5], [], 8]]
Comparing [[], [], [[0, [1, 5, 1], 6], [4, 3, [9, 10], [3]], [[0, 5, 8, 10, 1], [7, 5, 8, 6, 6], 0, [2, 8, 9, 5]], 2, [[4, 6, 7], 0, 1]], [2, 4, [], 0, 2]] and [[0, [5, [5, 7, 6], 5], [], 8]] :
  Comparing [] and [0, [5, [5, 7, 6], 5], [], 8] :
  Left side ran out of items
Right order
--------------Paire 118------------
--------------Paire 118------------
--------------Paire 118------------
[[[[]]], [3], [[10, [], [4, 5, 4, 5, 8], [7, 0, 2, 2, 3]], [10, [], 0]], [[[2, 5, 9], [], 9], [[5, 5], [], 2, 3], 8, [[]], 5]]
[[[]]]
Comparing [[[[]]], [3], [[10, [], [4, 5, 4, 5, 8], [7, 0, 2, 2, 3]], [10, [], 0]], [[[2, 5, 9], [], 9], [[5, 5], [], 2, 3], 8, [[]], 5]] and [[[]]] :
  Comparing [[[]]] and [[]] :
    Comparing [[]] and [] :
    Right side ran out of items
Wrong order
--------------Paire 119------------
--------------Paire 119------------
--------------Paire 119------------
[[4], [[], 1, 1], [], [[[0, 3, 5, 6, 0]], [7, 0, []], [6, [2], [1], [3, 1, 7, 4, 10]], [10, [5]], 8]]
[[[[], [5, 9, 8, 6], 6]], [10, 1, 10, 0, [[6], 2]], [0, [[8, 7, 10, 7, 8], [], [3, 10, 2, 7]], 7, 8, 5], [8, 4]]
Comparing [[4], [[], 1, 1], [], [[[0, 3, 5, 6, 0]], [7, 0, []], [6, [2], [1], [3, 1, 7, 4, 10]], [10, [5]], 8]] and [[[[], [5, 9, 8, 6], 6]], [10, 1, 10, 0, [[6], 2]], [0, [[8, 7, 10, 7, 8], [], [3, 10, 2, 7]], 7, 8, 5], [8, 4]] :
  Comparing [4] and [[[], [5, 9, 8, 6], 6]] :
    Comparing 4 and [[], [5, 9, 8, 6], 6] :
      Comparing [4] and [[], [5, 9, 8, 6], 6] :
        Comparing 4 and [] :
          Comparing [4] and [] :
          Right side ran out of items
Wrong order
--------------Paire 120------------
--------------Paire 120------------
--------------Paire 120------------
[[[[], 8, [2, 3, 5, 7], [1, 6, 5, 1, 8], 10]], [0], [[[3, 9, 1, 2, 2], [2, 7, 6], 5, [2]], [7, 0, [2, 5], 2, 8]]]
[[4, 2], [10], [10]]
Comparing [[[[], 8, [2, 3, 5, 7], [1, 6, 5, 1, 8], 10]], [0], [[[3, 9, 1, 2, 2], [2, 7, 6], 5, [2]], [7, 0, [2, 5], 2, 8]]] and [[4, 2], [10], [10]] :
  Comparing [[[], 8, [2, 3, 5, 7], [1, 6, 5, 1, 8], 10]] and [4, 2] :
    Comparing [[], 8, [2, 3, 5, 7], [1, 6, 5, 1, 8], 10] and 4 :
      Comparing [[], 8, [2, 3, 5, 7], [1, 6, 5, 1, 8], 10] and [4] :
        Comparing [] and 4 :
          Comparing [] and [4] :
          Left side ran out of items
Right order
--------------Paire 121------------
--------------Paire 121------------
--------------Paire 121------------
[[[], 4], [[[6]], [[2, 2, 10], 4, 4]], [[[0, 4, 3, 1, 2], 7, [7, 10, 4], [8]], 0], [[9, 1], 8, [[]]]]
[[[1, [8, 3, 0]]]]
Comparing [[[], 4], [[[6]], [[2, 2, 10], 4, 4]], [[[0, 4, 3, 1, 2], 7, [7, 10, 4], [8]], 0], [[9, 1], 8, [[]]]] and [[[1, [8, 3, 0]]]] :
  Comparing [[], 4] and [[1, [8, 3, 0]]] :
    Comparing [] and [1, [8, 3, 0]] :
    Left side ran out of items
Right order
--------------Paire 122------------
--------------Paire 122------------
--------------Paire 122------------
[[], [[1], 10, [], [0, 3, [0, 1, 9], 1]]]
[[], [0, 8, 5], [[8], [6, 6], [[1, 9, 9], [6, 5], [10, 10, 8]]]]
Comparing [[], [[1], 10, [], [0, 3, [0, 1, 9], 1]]] and [[], [0, 8, 5], [[8], [6, 6], [[1, 9, 9], [6, 5], [10, 10, 8]]]] :
  Comparing [] and [] :
  Lists are equal
  Comparing [[1], 10, [], [0, 3, [0, 1, 9], 1]] and [0, 8, 5] :
    Comparing [1] and 0 :
      Comparing [1] and [0] :
        Comparing 1 and 0 :
        1 is greater than 0
Wrong order
--------------Paire 123------------
--------------Paire 123------------
--------------Paire 123------------
[[2, 2, [[4, 7], 3]], [[[], [5, 0, 0, 7], 10]], [[[0, 2, 6], 2]], [[9]]]
[[[], 0, 9, 0, 5], [[[10, 10, 1]], [3, 9, [1]], [[4, 4, 8, 9, 7], 9]], [[], 1]]
Comparing [[2, 2, [[4, 7], 3]], [[[], [5, 0, 0, 7], 10]], [[[0, 2, 6], 2]], [[9]]] and [[[], 0, 9, 0, 5], [[[10, 10, 1]], [3, 9, [1]], [[4, 4, 8, 9, 7], 9]], [[], 1]] :
  Comparing [2, 2, [[4, 7], 3]] and [[], 0, 9, 0, 5] :
    Comparing 2 and [] :
      Comparing [2] and [] :
      Right side ran out of items
Wrong order
--------------Paire 124------------
--------------Paire 124------------
--------------Paire 124------------
[[], [[[]], 4, []]]
[[[7, [0, 2, 6]]], [], [[], 8], [[0, 7], 8, 6, 7], [0]]
Comparing [[], [[[]], 4, []]] and [[[7, [0, 2, 6]]], [], [[], 8], [[0, 7], 8, 6, 7], [0]] :
  Comparing [] and [[7, [0, 2, 6]]] :
  Left side ran out of items
Right order
--------------Paire 125------------
--------------Paire 125------------
--------------Paire 125------------
[[], [6, 6, [[1, 6, 4], [7, 9], 3, 8]], [3, 6, 8, [[5, 3, 6, 9], [4, 4, 6]], 0], [3, [3, 1, 4, 9], [[4], 10, [3]], 8, [8, 7, [1, 10]]], [[[8, 1, 8]]]]
[[6, 4, [[10, 5, 7], 3, 2], [0, [10, 1, 7], [9, 1, 8, 8, 2]], 10], [[], 3, 3, [7, 7, [1]], 2], [10, [0, [0, 10, 0, 6, 8], [], [9, 8, 2], []], 4, 6], [3, [[4, 9, 5], 10, [], 0], 5], [7, 6, [5], [[3, 5], 0], [[9, 8, 4, 7, 4], [5, 1, 5, 10]]]]
Comparing [[], [6, 6, [[1, 6, 4], [7, 9], 3, 8]], [3, 6, 8, [[5, 3, 6, 9], [4, 4, 6]], 0], [3, [3, 1, 4, 9], [[4], 10, [3]], 8, [8, 7, [1, 10]]], [[[8, 1, 8]]]] and [[6, 4, [[10, 5, 7], 3, 2], [0, [10, 1, 7], [9, 1, 8, 8, 2]], 10], [[], 3, 3, [7, 7, [1]], 2], [10, [0, [0, 10, 0, 6, 8], [], [9, 8, 2], []], 4, 6], [3, [[4, 9, 5], 10, [], 0], 5], [7, 6, [5], [[3, 5], 0], [[9, 8, 4, 7, 4], [5, 1, 5, 10]]]] :
  Comparing [] and [6, 4, [[10, 5, 7], 3, 2], [0, [10, 1, 7], [9, 1, 8, 8, 2]], 10] :
  Left side ran out of items
Right order
--------------Paire 126------------
--------------Paire 126------------
--------------Paire 126------------
[[[9, 9, 8, 8], 9], [7, [[6, 0, 6, 10, 7], 9, [2, 5, 1, 6, 2], [4]], [[7, 7]], [5, 0, [4]]], [[[8], 4], 8, [[4]], 2]]
[[4, [6, 2, [1, 2, 4, 3, 2], [0, 0, 10, 7]]], [[], [[7, 3, 4], [6, 0, 0], 10, 6, [2]]], [[7, 5, 9]], [[[2, 9, 9, 3, 8], 10, [4, 10, 9, 9, 8], 1], 10, [2, [8, 9, 10]], 2], []]
Comparing [[[9, 9, 8, 8], 9], [7, [[6, 0, 6, 10, 7], 9, [2, 5, 1, 6, 2], [4]], [[7, 7]], [5, 0, [4]]], [[[8], 4], 8, [[4]], 2]] and [[4, [6, 2, [1, 2, 4, 3, 2], [0, 0, 10, 7]]], [[], [[7, 3, 4], [6, 0, 0], 10, 6, [2]]], [[7, 5, 9]], [[[2, 9, 9, 3, 8], 10, [4, 10, 9, 9, 8], 1], 10, [2, [8, 9, 10]], 2], []] :
  Comparing [[9, 9, 8, 8], 9] and [4, [6, 2, [1, 2, 4, 3, 2], [0, 0, 10, 7]]] :
    Comparing [9, 9, 8, 8] and 4 :
      Comparing [9, 9, 8, 8] and [4] :
        Comparing 9 and 4 :
        9 is greater than 4
Wrong order
--------------Paire 127------------
--------------Paire 127------------
--------------Paire 127------------
[[9, 6], [1, [4, [3, 6, 1, 6, 8], [2, 3, 5, 7, 1], 7, 3]], [8, 9], [[5, 2, 4, 7, 1], 2, 7], [[[1, 2, 7, 2], [2, 5, 2, 6], 9], 2, [2, 8]]]
[[[7, [1, 0], 3, [1, 8, 1, 0]], [], [[7, 1], 5, [6], [], 0], 0], [1, [], []], [1], [[[1, 8, 10, 4, 3], 2, 10, 5], [[0, 9], 5]]]
Comparing [[9, 6], [1, [4, [3, 6, 1, 6, 8], [2, 3, 5, 7, 1], 7, 3]], [8, 9], [[5, 2, 4, 7, 1], 2, 7], [[[1, 2, 7, 2], [2, 5, 2, 6], 9], 2, [2, 8]]] and [[[7, [1, 0], 3, [1, 8, 1, 0]], [], [[7, 1], 5, [6], [], 0], 0], [1, [], []], [1], [[[1, 8, 10, 4, 3], 2, 10, 5], [[0, 9], 5]]] :
  Comparing [9, 6] and [[7, [1, 0], 3, [1, 8, 1, 0]], [], [[7, 1], 5, [6], [], 0], 0] :
    Comparing 9 and [7, [1, 0], 3, [1, 8, 1, 0]] :
      Comparing [9] and [7, [1, 0], 3, [1, 8, 1, 0]] :
        Comparing 9 and 7 :
        9 is greater than 7
Wrong order
--------------Paire 128------------
--------------Paire 128------------
--------------Paire 128------------
[[[], 8, [[7, 2, 3, 6], [10, 8, 8, 0, 0]], [], 7]]
[[[], 0, 5, [[8], [8, 7, 0], [8, 4, 6]]], [[[10, 8], [2, 0, 5, 2], [9, 6, 6], [5, 10, 8]]], [[[3], [8, 9, 8, 2, 4]], [8, 2, [1, 9, 4, 2], [9, 9, 10, 5, 4]], 7, 5, [[], 3]], [3, 3, 3]]
Comparing [[[], 8, [[7, 2, 3, 6], [10, 8, 8, 0, 0]], [], 7]] and [[[], 0, 5, [[8], [8, 7, 0], [8, 4, 6]]], [[[10, 8], [2, 0, 5, 2], [9, 6, 6], [5, 10, 8]]], [[[3], [8, 9, 8, 2, 4]], [8, 2, [1, 9, 4, 2], [9, 9, 10, 5, 4]], 7, 5, [[], 3]], [3, 3, 3]] :
  Comparing [[], 8, [[7, 2, 3, 6], [10, 8, 8, 0, 0]], [], 7] and [[], 0, 5, [[8], [8, 7, 0], [8, 4, 6]]] :
    Comparing [] and [] :
    Lists are equal
    Comparing 8 and 0 :
    8 is greater than 0
Wrong order
--------------Paire 129------------
--------------Paire 129------------
--------------Paire 129------------
[[4], [[9, [5, 5], 9], [[7, 7, 0, 1]], 1], [[], 0, [6, 3, 5, 10], 1, 2], [4, []], [3, [[8, 5, 3, 5], 1, 5], [], [[0, 10, 8, 8, 4], 9, []]]]
[[0, [5, [1, 8, 5]], [10, [0, 5, 5, 0], 2], [[]], [10, 8, 8]]]
Comparing [[4], [[9, [5, 5], 9], [[7, 7, 0, 1]], 1], [[], 0, [6, 3, 5, 10], 1, 2], [4, []], [3, [[8, 5, 3, 5], 1, 5], [], [[0, 10, 8, 8, 4], 9, []]]] and [[0, [5, [1, 8, 5]], [10, [0, 5, 5, 0], 2], [[]], [10, 8, 8]]] :
  Comparing [4] and [0, [5, [1, 8, 5]], [10, [0, 5, 5, 0], 2], [[]], [10, 8, 8]] :
    Comparing 4 and 0 :
    4 is greater than 0
Wrong order
--------------Paire 130------------
--------------Paire 130------------
--------------Paire 130------------
[[6, 4, [9, [1]], 1], [[[0, 4, 7, 4], [5, 0]], [8, [4, 8]], [], [[2, 2, 2]], []]]
[[], [4]]
Comparing [[6, 4, [9, [1]], 1], [[[0, 4, 7, 4], [5, 0]], [8, [4, 8]], [], [[2, 2, 2]], []]] and [[], [4]] :
  Comparing [6, 4, [9, [1]], 1] and [] :
  Right side ran out of items
Wrong order
--------------Paire 131------------
--------------Paire 131------------
--------------Paire 131------------
[[[[8], 9, [], 7], 6, 9, [6], 2], [3], [[[4], 5], [], 3, [6], 3], [5, [9, 3, [2, 8, 9, 2], 2, []], [5, 0], [3, 2, [3, 5, 5, 0, 8], 9]], [5, 2, 7]]
[[[]], [[6]], [0, [[7, 5, 5, 2, 10], 10], 2], [[[0], 9, 6], 10, [[1], 9, [10, 3]]]]
Comparing [[[[8], 9, [], 7], 6, 9, [6], 2], [3], [[[4], 5], [], 3, [6], 3], [5, [9, 3, [2, 8, 9, 2], 2, []], [5, 0], [3, 2, [3, 5, 5, 0, 8], 9]], [5, 2, 7]] and [[[]], [[6]], [0, [[7, 5, 5, 2, 10], 10], 2], [[[0], 9, 6], 10, [[1], 9, [10, 3]]]] :
  Comparing [[[8], 9, [], 7], 6, 9, [6], 2] and [[]] :
    Comparing [[8], 9, [], 7] and [] :
    Right side ran out of items
Wrong order
--------------Paire 132------------
--------------Paire 132------------
--------------Paire 132------------
[[7], [[[], 8, [9, 7, 9]], [10, 8, 9], [[7, 6, 0, 1], [], 5, 10, 9]], []]
[[], [[], [[4, 9, 5, 7, 0], 2, [6, 3], 3], [8]], [[[6, 1, 9, 10, 4], 1, [7, 7, 8], []]], [8, []], [[9, 7, [0, 2, 7, 1, 8]]]]
Comparing [[7], [[[], 8, [9, 7, 9]], [10, 8, 9], [[7, 6, 0, 1], [], 5, 10, 9]], []] and [[], [[], [[4, 9, 5, 7, 0], 2, [6, 3], 3], [8]], [[[6, 1, 9, 10, 4], 1, [7, 7, 8], []]], [8, []], [[9, 7, [0, 2, 7, 1, 8]]]] :
  Comparing [7] and [] :
  Right side ran out of items
Wrong order
--------------Paire 133------------
--------------Paire 133------------
--------------Paire 133------------
[[[5, [8, 9, 8], 3], [], [4, 9]], [[7], 8, 0], [], [7], [8]]
[[[[2, 5], [8, 10, 5], [4, 7, 9, 0, 5]], [], [[0, 3, 7, 3], 0, [10, 3, 8, 8], [7, 0, 7, 2, 4], 4]], [[4, 9, [2, 9], 5, 3]], [3, 0, 1, [[2], 9, 0, [1]]], [[[4, 4, 0, 7, 0], 0, 8, 1, [7]], 10, []]]
Comparing [[[5, [8, 9, 8], 3], [], [4, 9]], [[7], 8, 0], [], [7], [8]] and [[[[2, 5], [8, 10, 5], [4, 7, 9, 0, 5]], [], [[0, 3, 7, 3], 0, [10, 3, 8, 8], [7, 0, 7, 2, 4], 4]], [[4, 9, [2, 9], 5, 3]], [3, 0, 1, [[2], 9, 0, [1]]], [[[4, 4, 0, 7, 0], 0, 8, 1, [7]], 10, []]] :
  Comparing [[5, [8, 9, 8], 3], [], [4, 9]] and [[[2, 5], [8, 10, 5], [4, 7, 9, 0, 5]], [], [[0, 3, 7, 3], 0, [10, 3, 8, 8], [7, 0, 7, 2, 4], 4]] :
    Comparing [5, [8, 9, 8], 3] and [[2, 5], [8, 10, 5], [4, 7, 9, 0, 5]] :
      Comparing 5 and [2, 5] :
        Comparing [5] and [2, 5] :
          Comparing 5 and 2 :
          5 is greater than 2
Wrong order
--------------Paire 134------------
--------------Paire 134------------
--------------Paire 134------------
[[[8], [3, 4, [], 8, 5], [9, [10], 8, 8, [1, 4]]], [], [[[7, 3]], [[4, 5, 9, 10]]], [[9, 0, [], 9], [[9, 8], 4, [1], 4], [7, 4, 8], [0, [9, 1, 9, 7, 2], [6, 1, 5, 6], 6], 7]]
[[5, 10, [[2, 9, 4, 3]], 6, []], [[]]]
Comparing [[[8], [3, 4, [], 8, 5], [9, [10], 8, 8, [1, 4]]], [], [[[7, 3]], [[4, 5, 9, 10]]], [[9, 0, [], 9], [[9, 8], 4, [1], 4], [7, 4, 8], [0, [9, 1, 9, 7, 2], [6, 1, 5, 6], 6], 7]] and [[5, 10, [[2, 9, 4, 3]], 6, []], [[]]] :
  Comparing [[8], [3, 4, [], 8, 5], [9, [10], 8, 8, [1, 4]]] and [5, 10, [[2, 9, 4, 3]], 6, []] :
    Comparing [8] and 5 :
      Comparing [8] and [5] :
        Comparing 8 and 5 :
        8 is greater than 5
Wrong order
--------------Paire 135------------
--------------Paire 135------------
--------------Paire 135------------
[[8, 5, 9, [[9, 6, 8, 5], []]], [5, 2, [1, [], 2, 0, 0], 3], [], []]
[[8], [[3, [0], [6], 5], 9, 10, [[7, 9], [], 7]], [9, 4, [2]]]
Comparing [[8, 5, 9, [[9, 6, 8, 5], []]], [5, 2, [1, [], 2, 0, 0], 3], [], []] and [[8], [[3, [0], [6], 5], 9, 10, [[7, 9], [], 7]], [9, 4, [2]]] :
  Comparing [8, 5, 9, [[9, 6, 8, 5], []]] and [8] :
    Comparing 8 and 8 :
    8 is equal to 8
  Right side ran out of items
Wrong order
--------------Paire 136------------
--------------Paire 136------------
--------------Paire 136------------
[[[[8], [9, 10, 2, 10, 10], 10], [4], 10], [1, 9, 10, 10, 10], [2, 7, [8, [0, 5, 0, 5], [0, 9, 2, 0]], 5, [[3, 4], 1, [], 0]], [8, 3, [[3], [8, 10, 7], 3], [[3], [9, 10, 4], [], [], 6], [[9, 0, 9], 1, 10]]]
[[[9, 1], [[0, 6], [], [4, 8, 10, 5, 3]], 6, 9, [0, 8, 3, 6, 10]]]
Comparing [[[[8], [9, 10, 2, 10, 10], 10], [4], 10], [1, 9, 10, 10, 10], [2, 7, [8, [0, 5, 0, 5], [0, 9, 2, 0]], 5, [[3, 4], 1, [], 0]], [8, 3, [[3], [8, 10, 7], 3], [[3], [9, 10, 4], [], [], 6], [[9, 0, 9], 1, 10]]] and [[[9, 1], [[0, 6], [], [4, 8, 10, 5, 3]], 6, 9, [0, 8, 3, 6, 10]]] :
  Comparing [[[8], [9, 10, 2, 10, 10], 10], [4], 10] and [[9, 1], [[0, 6], [], [4, 8, 10, 5, 3]], 6, 9, [0, 8, 3, 6, 10]] :
    Comparing [[8], [9, 10, 2, 10, 10], 10] and [9, 1] :
      Comparing [8] and 9 :
        Comparing [8] and [9] :
          Comparing 8 and 9 :
          8 is smaller than 9
Right order
--------------Paire 137------------
--------------Paire 137------------
--------------Paire 137------------
[[[8, 4, 6, 0, []]], [7, 8, [6, [7, 1, 4], [10, 1, 7, 9]], [6, 6, 4]], [[], [[1, 5, 7, 4, 2], [3]], 1, [[7, 5, 6, 1, 8]], 6]]
[[], [], [], [], []]
Comparing [[[8, 4, 6, 0, []]], [7, 8, [6, [7, 1, 4], [10, 1, 7, 9]], [6, 6, 4]], [[], [[1, 5, 7, 4, 2], [3]], 1, [[7, 5, 6, 1, 8]], 6]] and [[], [], [], [], []] :
  Comparing [[8, 4, 6, 0, []]] and [] :
  Right side ran out of items
Wrong order
--------------Paire 138------------
--------------Paire 138------------
--------------Paire 138------------
[[0]]
[[], [9, [[8, 3, 6, 6], [8, 7, 2, 0], 3, [2, 8], [10, 3]], [[7, 5, 3, 4], 3, 3, 0, 10]], [], [6, 8, [[9, 9, 3, 9], 2]]]
Comparing [[0]] and [[], [9, [[8, 3, 6, 6], [8, 7, 2, 0], 3, [2, 8], [10, 3]], [[7, 5, 3, 4], 3, 3, 0, 10]], [], [6, 8, [[9, 9, 3, 9], 2]]] :
  Comparing [0] and [] :
  Right side ran out of items
Wrong order
--------------Paire 139------------
--------------Paire 139------------
--------------Paire 139------------
[[[0, 0, 0, [], 1]]]
[[2, 6, 10, 5, 1], [[], 2, [9], [[7, 7, 6, 1], 2, [3, 8, 0, 6, 5]]]]
Comparing [[[0, 0, 0, [], 1]]] and [[2, 6, 10, 5, 1], [[], 2, [9], [[7, 7, 6, 1], 2, [3, 8, 0, 6, 5]]]] :
  Comparing [[0, 0, 0, [], 1]] and [2, 6, 10, 5, 1] :
    Comparing [0, 0, 0, [], 1] and 2 :
      Comparing [0, 0, 0, [], 1] and [2] :
        Comparing 0 and 2 :
        0 is smaller than 2
Right order
--------------Paire 140------------
--------------Paire 140------------
--------------Paire 140------------
[[[4], 5], [3, [[5, 4, 2], [8], 1, [3, 10]], [], [4, [10, 10, 6, 9], [6, 9, 3, 2, 5], 4]]]
[[[]], [1, [10, [], 5, [4, 9, 5, 6, 6]]]]
Comparing [[[4], 5], [3, [[5, 4, 2], [8], 1, [3, 10]], [], [4, [10, 10, 6, 9], [6, 9, 3, 2, 5], 4]]] and [[[]], [1, [10, [], 5, [4, 9, 5, 6, 6]]]] :
  Comparing [[4], 5] and [[]] :
    Comparing [4] and [] :
    Right side ran out of items
Wrong order
--------------Paire 141------------
--------------Paire 141------------
--------------Paire 141------------
[[8, 2, [6]], [[[6, 5, 1, 10], [4, 3, 1], 8, 10]], [[[0]], 5, 2, 2, 2], [[[0, 9, 4], 5, 8, [3, 7, 9]], 3, [6, [4, 6, 3, 1]]]]
[[[[0], [], 3, 9], [], [[4], [4, 0, 1, 5, 10], 8]]]
Comparing [[8, 2, [6]], [[[6, 5, 1, 10], [4, 3, 1], 8, 10]], [[[0]], 5, 2, 2, 2], [[[0, 9, 4], 5, 8, [3, 7, 9]], 3, [6, [4, 6, 3, 1]]]] and [[[[0], [], 3, 9], [], [[4], [4, 0, 1, 5, 10], 8]]] :
  Comparing [8, 2, [6]] and [[[0], [], 3, 9], [], [[4], [4, 0, 1, 5, 10], 8]] :
    Comparing 8 and [[0], [], 3, 9] :
      Comparing [8] and [[0], [], 3, 9] :
        Comparing 8 and [0] :
          Comparing [8] and [0] :
            Comparing 8 and 0 :
            8 is greater than 0
Wrong order
--------------Paire 142------------
--------------Paire 142------------
--------------Paire 142------------
[[]]
[[], [], [4, [[0], [4, 2, 5, 7, 7], 9, 6], 2, 2, 9], [2]]
Comparing [[]] and [[], [], [4, [[0], [4, 2, 5, 7, 7], 9, 6], 2, 2, 9], [2]] :
  Comparing [] and [] :
  Lists are equal
Left side ran out of items
Right order
--------------Paire 143------------
--------------Paire 143------------
--------------Paire 143------------
[[3, 10, 1], [[[7, 5, 2, 1, 2], [0, 0, 9], 5, [1]]], [6, 10, [], [2, [10], 2, [2, 1], 7], [[7, 8, 2, 2]]]]
[[0, [0], 10, [6, 6, [1, 5], [], []], 10], [[[6, 10, 1], [], 1]]]
Comparing [[3, 10, 1], [[[7, 5, 2, 1, 2], [0, 0, 9], 5, [1]]], [6, 10, [], [2, [10], 2, [2, 1], 7], [[7, 8, 2, 2]]]] and [[0, [0], 10, [6, 6, [1, 5], [], []], 10], [[[6, 10, 1], [], 1]]] :
  Comparing [3, 10, 1] and [0, [0], 10, [6, 6, [1, 5], [], []], 10] :
    Comparing 3 and 0 :
    3 is greater than 0
Wrong order
--------------Paire 144------------
--------------Paire 144------------
--------------Paire 144------------
[[], [[7, [3, 4], 4, 4], [], [[6, 7, 8], [], [5, 7, 7, 6, 1], 9, 10], [[5], [], 9], []], [[[5, 1], [5, 8]]], []]
[[[], 1, 7]]
Comparing [[], [[7, [3, 4], 4, 4], [], [[6, 7, 8], [], [5, 7, 7, 6, 1], 9, 10], [[5], [], 9], []], [[[5, 1], [5, 8]]], []] and [[[], 1, 7]] :
  Comparing [] and [[], 1, 7] :
  Left side ran out of items
Right order
--------------Paire 145------------
--------------Paire 145------------
--------------Paire 145------------
[[6, 9], [[[4, 6, 3, 3, 9], 9, 9, [8, 9, 2, 8], []], [[], 5, [4], [0, 7, 10, 1], [1, 5, 1, 8]], [10, 9, 4, 8, []], 2, 3], [[1, [2, 8, 2, 6, 4]], [[1, 7, 7, 2, 5], [], 10], [3, 3, [9, 8, 10, 10, 6], [8, 2, 6, 0]], 8, 10], [5], [0, 8, [], [], [1]]]
[[7, 5, [[3, 7, 1]], 8], [0], [8, 9], [7, 4, [7, 2, 1, 3], 7]]
Comparing [[6, 9], [[[4, 6, 3, 3, 9], 9, 9, [8, 9, 2, 8], []], [[], 5, [4], [0, 7, 10, 1], [1, 5, 1, 8]], [10, 9, 4, 8, []], 2, 3], [[1, [2, 8, 2, 6, 4]], [[1, 7, 7, 2, 5], [], 10], [3, 3, [9, 8, 10, 10, 6], [8, 2, 6, 0]], 8, 10], [5], [0, 8, [], [], [1]]] and [[7, 5, [[3, 7, 1]], 8], [0], [8, 9], [7, 4, [7, 2, 1, 3], 7]] :
  Comparing [6, 9] and [7, 5, [[3, 7, 1]], 8] :
    Comparing 6 and 7 :
    6 is smaller than 7
Right order
--------------Paire 146------------
--------------Paire 146------------
--------------Paire 146------------
[[], [], [[3, [9, 5, 0, 0, 6], 3, [0]], 0, [[], 7, 5], []], [4, 4], [[], [[2], 0, [8, 5, 8, 6]], [[9, 1]], 6, [5, 3]]]
[[10, [0, 4, [8, 6], []], [8, 4, 3]]]
Comparing [[], [], [[3, [9, 5, 0, 0, 6], 3, [0]], 0, [[], 7, 5], []], [4, 4], [[], [[2], 0, [8, 5, 8, 6]], [[9, 1]], 6, [5, 3]]] and [[10, [0, 4, [8, 6], []], [8, 4, 3]]] :
  Comparing [] and [10, [0, 4, [8, 6], []], [8, 4, 3]] :
  Left side ran out of items
Right order
--------------Paire 147------------
--------------Paire 147------------
--------------Paire 147------------
[1, 6, 10, 0, 5]
[1, 6, 10, 0]
Comparing [1, 6, 10, 0, 5] and [1, 6, 10, 0] :
  Comparing 1 and 1 :
  1 is equal to 1
  Comparing 6 and 6 :
  6 is equal to 6
  Comparing 10 and 10 :
  10 is equal to 10
  Comparing 0 and 0 :
  0 is equal to 0
Right side ran out of items
Wrong order
--------------Paire 148------------
--------------Paire 148------------
--------------Paire 148------------
[[[], [[5, 5], [4], 8], 10], [[[8, 5, 10, 1], 5, 0], [[], [1, 0, 6, 5], [7, 3], 0], [6], 10, 5], [7, [[7, 10, 0, 5, 2]], 7, [], 6], [[[6, 3, 8, 0]], 8, []], [4, [[6]], [10, [7, 3], [], [7]]]]
[[8, 3, [[], [3, 7]], 3], [], [5], [7, [0, 10, 3], [7, [8, 2], [3, 3], [10], 1]]]
Comparing [[[], [[5, 5], [4], 8], 10], [[[8, 5, 10, 1], 5, 0], [[], [1, 0, 6, 5], [7, 3], 0], [6], 10, 5], [7, [[7, 10, 0, 5, 2]], 7, [], 6], [[[6, 3, 8, 0]], 8, []], [4, [[6]], [10, [7, 3], [], [7]]]] and [[8, 3, [[], [3, 7]], 3], [], [5], [7, [0, 10, 3], [7, [8, 2], [3, 3], [10], 1]]] :
  Comparing [[], [[5, 5], [4], 8], 10] and [8, 3, [[], [3, 7]], 3] :
    Comparing [] and 8 :
      Comparing [] and [8] :
      Left side ran out of items
Right order
--------------Paire 149------------
--------------Paire 149------------
--------------Paire 149------------
[[[[7, 3, 0, 0, 9], 5]], []]
[[[2], [9, [8, 9], 1, [10, 10, 7, 6]], 8, 10]]
Comparing [[[[7, 3, 0, 0, 9], 5]], []] and [[[2], [9, [8, 9], 1, [10, 10, 7, 6]], 8, 10]] :
  Comparing [[[7, 3, 0, 0, 9], 5]] and [[2], [9, [8, 9], 1, [10, 10, 7, 6]], 8, 10] :
    Comparing [[7, 3, 0, 0, 9], 5] and [2] :
      Comparing [7, 3, 0, 0, 9] and 2 :
        Comparing [7, 3, 0, 0, 9] and [2] :
          Comparing 7 and 2 :
          7 is greater than 2
Wrong order
4894
