   44444444444444444444444444444444444444445555555555555555555555
   66666666667777777777888888888899999999990000000000111111111122
   01234567890123456789012345678901234567890123456789012345678901
000........................................+.....................
001..............................................................
002..............................................................
003..............................................................
004..............................................................
005..............................................................
006..............................................................
007..............................................................
008..............................................................
009........................................o.....................
010.......................................ooo....................
011......................................ooooo...................
012.....................................ooooooo..................
013....................................######ooo.................
014...................................o.....ooooo................
015..................................ooo...ooooooo...............
016.................................o#ooo.ooooooooo#.............
017................................#o#ooo#ooooooooo#.............
018................................#o#ooo#ooooooooo#.............
019................................#o#ooo#ooooooooo#.............
020................................#o#ooo#o#ooooooo#.............
021................................#o#ooo#o#ooooo#o#.............
022................................#o#o#o#o#ooooo#o#.............
023................................#o#o#o#o#ooo#o#o#.............
024................................#o#o#o#o#ooo#o#o#.#...........
025................................#o#o#o#o#o#o#o#o#.#...........
026................................###################...........
027...............................o..............................
028..............................ooo.............................
029.............................ooooo............................
030............................#ooooo#...........................
031............................#ooooo#...........................
032...........................o#ooooo#...........................
033..........................#o#ooooo#...........................
034.........................o#o#ooooo#...........................
035........................oo#o#o#ooo#...........................
036.......................ooo#o#o#ooo#.#.........................
037......................oooo#o#o#ooo#.#.........................
038.....................ooo#o#o#o#o#o#.#.........................
039....................oooo#############.........................
040...................oooooo.....................................
041..................oooooooo....................................
042.................ooo######o...................................
043................ooooo....ooo..................................
044...............oo######.######................................
045..............oooo............................................
046.............o######.######.######............................
047............ooo...............................................
048...........ooooo..............................................
049..........#ooooo#.............................................
050..........#ooooo#.............................................
051..........#ooooo#.............................................
052.........o#ooooo#.............................................
053........###ooooo##............................................
054........#.ooooooo#............................................
055........#oooooooo#............................................
056........#oooooooo#............................................
057........#oooooooo#............................................
058........#oooooooo#............................................
059........#oooooooo#............................................
060........##########............................................
061..............................................................
062..............................................................
063......oo......................................................
064.....ooo#.....................................................
065....#o#o#o....................................................
066....#o#o#oo...................................................
067....#o#o#ooo..................................................
068....#o#o#o#o#.................................................
069..#.#o#o#o#o#.................................................
070#.#.#o#o#o#o#.................................................
071#.#.#o#o#o#o#.................................................
072#.#.#o#o#o#o#o................................................
073#############oo...............................................
074............oooo..............................................
075...........oooooo.............................................
076..........#ooo#ooo............................................
077..........#ooo#oooo...........................................
078..........#ooo#ooooo..........................................
079..........#ooo#oooooo.........................................
080......#####ooo########........................................
081......#...ooooo......#........................................
082......#..ooooooo.....#........................................
083......#.ooooooooo....#........................................
084......################........................................
085..............................................................
086..............................................................
087.....................oo.......................................
088...............#....ooo#......................................
089...............#########......................................
090..............................................................
091.......................oo.....................................
092.....................#ooo#....................................
093.....................#ooo#....................................
094.....................#ooo#....................................
095.....................#ooo#o...................................
096................######ooo###..................................
097................#....ooooo.#..................................
098................#...ooooooo#..................................
099................############..................................
100..............................................................
101..............................................................
102.........................#....................................
103.........................#....................................
104.........................#.oo.................................
105.........................#ooo#................................
106.........................#ooo#................................
107.........................#ooo#................................
108.........................#ooo#................................
109.........................#ooo#................................
110.........................#ooo#................................
111.........................#o#o#................................
112.........................#####o...............................
113.............................ooo..............................
114............................ooooo.............................
115...........................oo#ooo#............................
116..........................ooo#ooo#............................
117.........................oooo#ooo#............................
118........................ooooo#ooo#............................
119.....................#########ooo##...........................
120.....................#.......ooooo#...........................
121.....................#......oooooo#...........................
122.....................#.....ooooooo#...........................
123.....................#....oooooooo#o..........................
124.....................#...ooooooooo#oo.........................
125.....................#..oooooooooo#ooo........................
126.....................##############oooo.......................
127..................................oooooo......................
128.................................oooooooo.....................
129................................oooooooooo....................
130...............................ooooooooooo#...................
131..............................o############...................
132.............................ooo..............................
133............................ooooo.............................
134....................#......ooooooo......#.....................
135....................#####################..o..................
136..........................................ooo.................
137.........................................ooooo................
138........................................######o...............
139.......................................o.....ooo..............
140......................................ooo...ooooo.............
141.....................................######o######............
142....................................o.....ooo.................
143...................................ooo...ooooo................
144..................................######o######.######........
145.................................o.....ooo....................
146................................ooo...ooooo...................
147...............................######o######.######.######....
148..............................o.....ooo.......................
149.............................ooo...ooooo......................
150............................######o######.######.######.######
151.................................ooo..........................
152................................ooooo.........................
153...........................o...o#####o........................
154..........................ooo.ooo...ooo.......................
155.........................oooo#####.#####......................
156........................oooooo................................
157.......................ooo#####.#####.#####...................
158......................ooooo...................................
159.....................ooooooo..................................
160....................ooo#####o.................................
161...................ooooo...ooo................................
162..................oo#####.#####...............................
163.................oooo.........................................
164................o#####.#####.#####............................
165...............ooo............................................
166..............#####.#####.#####.#####.........................
